0100 B409			MOV	AH,9
0102 BA7D1D			MOV	DX,OFFSET AMSG
0105 CD21			INT	21H
0107 B430			MOV	AH,30H
0109 CD21			INT	21H
010B 84C0			TEST	AL,AL
010D 7509			JNZ	MAIN
010F B409			MOV	AH,9
0111 BACE1D			MOV	DX,OFFSET DOSERR
0114 CD21			INT	21H
0116 CD20			INT	20H
0118 E89700		MAIN:	CALL	CMDLIN
011B 7309			JNC	CORE
011D B409			MOV	AH,9
011F BAA11D			MOV	DX,OFFSET USAGE
0122 CD21			INT	21H
0124 CD20			INT	20H
0126 BA8E1C		CORE:	MOV	DX,OFFSET DOTASM
0129 BB921C			MOV	BX,OFFSET DOTCOM
012C A1EA1D			MOV	AX,[FUNC]
012F A98080			TEST	AX,8080H
0132 7402			JZ	CORE1
0134 87D3			XCHG	DX,BX
0136 8BF2		CORE1:	MOV	SI,DX
0138 BF021E			MOV	DI,OFFSET INFILE
013B F8				CLC
013C E83601			CALL	ADDEXT
013F 8BF3			MOV	SI,BX
0141 BF421E			MOV	DI,OFFSET OUTFILE
0144 F8				CLC
0145 E82D01			CALL	ADDEXT
0148 BE961C			MOV	SI,OFFSET DOTLST
014B BF621E			MOV	DI,OFFSET LSTFILE
014E F8				CLC
014F E82301			CALL	ADDEXT
0152 BF8220			MOV	DI,OFFSET TEMP
0155 BE9A1C			MOV	SI,OFFSET INM
0158 E82A0A			CALL	WRM
015B BE021E			MOV	SI,OFFSET INFILE
015E E8240A			CALL	WRM
0161 E83601			CALL	CRLF
0164 E84101		PROC:	CALL	PROCF
0167 7234			JC	OUTC
0169 A1E61D			MOV	AX,[ERRS]
016C 85C0			TEST	AX,AX
016E 7532			JNZ	ERRORS
0170 A1EA1D			MOV	AX,[FUNC]
0173 50				PUSH	AX
0174 32C0			XOR	AL,AL
0176 86C4			XCHG	AL,AH
0178 A3EA1D			MOV	[FUNC],AX
017B 85C0			TEST	AX,AX
017D 58				POP	AX
017E 75E4			JNZ	PROC
0180 BF8220			MOV	DI,OFFSET TEMP
0183 BE9F1C			MOV	SI,OFFSET OUTM
0186 E8FC09			CALL	WRM
0189 BE421E			MOV	SI,OFFSET OUTFILE
018C E8F609			CALL	WRM
018F A840			TEST	AL,40H
0191 740A			JZ	OUTC
0193 B82C20			MOV	AX,202CH
0196 AB				STOSW
0197 BE621E			MOV	SI,OFFSET LSTFILE
019A E8E809			CALL	WRM
019D E8FA00		OUTC:	CALL	CRLF
01A0 CD20			INT	20H
01A2 F606EA1D08		ERRORS:	TEST	BYTE PTR [FUNC],8
01A7 7407			JZ	ERR0
01A9 B441			MOV	AH,41H
01AB BA431E			MOV	DX,OFFSET OUTFILE+1
01AE CD21			INT	21H
01B0 CD20		ERR0:	INT	20H
01B2 32C0		CMDLIN:	XOR	AL,AL
01B4 A2021E			MOV	[INFILE],AL
01B7 A2421E			MOV	[OUTFILE],AL
01BA A2621E			MOV	[LSTFILE],AL
01BD B8050E			MOV	AX,0E05H
01C0 A3EA1D			MOV	[FUNC],AX
01C3 BE8100			MOV	SI,81H
01C6 BF8220		PARAM:	MOV	DI,OFFSET TEMP
01C9 E88000			CALL	GETFN
01CC 7432			JZ	PARAM2
01CE A18220			MOV	AX,[TEMP]
01D1 3D022F			CMP	AX,2F02H
01D4 7450			JZ	PARAM5
01D6 BF021E			MOV	DI,OFFSET INFILE
01D9 8A05			MOV	AL,[DI]
01DB 84C0			TEST	AL,AL
01DD 7414			JZ	PARAM1
01DF BF421E			MOV	DI,OFFSET OUTFILE
01E2 8A05			MOV	AL,[DI]
01E4 84C0			TEST	AL,AL
01E6 740B			JZ	PARAM1
01E8 BF621E			MOV	DI,OFFSET LSTFILE
01EB 8A05			MOV	AL,[DI]
01ED 84C0			TEST	AL,AL
01EF 7402			JZ	PARAM1
01F1 F9			PARAM0:	STC
01F2 C3				RET
01F3 56			PARAM1:	PUSH	SI
01F4 BE8220			MOV	SI,OFFSET TEMP
01F7 A4				MOVSB
01F8 4E				DEC	SI
01F9 E88909			CALL	WRM
01FC A4				MOVSB
01FD 5E				POP	SI
01FE EBC6			JMP	SHORT PARAM
0200 A0021E		PARAM2:	MOV	AL,[INFILE]
0203 84C0			TEST	AL,AL
0205 74EA			JZ	PARAM0
0207 BF421E			MOV	DI,OFFSET OUTFILE
020A E80300			CALL	PARAM3
020D BF621E			MOV	DI,OFFSET LSTFILE
0210 8A05		PARAM3:	MOV	AL,[DI]
0212 84C0			TEST	AL,AL
0214 750E			JNZ	PARAM4
0216 BE021E			MOV	SI,OFFSET INFILE
0219 57				PUSH	DI
021A A4				MOVSB
021B 4E				DEC	SI
021C E86609			CALL	WRM
021F 5F				POP	DI
0220 F9				STC
0221 E85100			CALL	ADDEXT
0224 F8			PARAM4:	CLC
0225 C3				RET
0226 A08420		PARAM5:	MOV	AL,[TEMP+2]
0229 3C44			CMP	AL,44H
022B 7406			JZ	PDIS
022D 3C4C			CMP	AL,4CH
022F 740B			JZ	PLST
0231 F9				STC
0232 C3				RET
0233 B88C00		PDIS:	MOV	AX,8CH
0236 A3EA1D			MOV	[FUNC],AX
0239 E98AFF			JMP	PARAM
023C A1EA1D		PLST:	MOV	AX,[FUNC]
023F 84E4			TEST	AH,AH
0241 7483			JZ	PARAM
0243 80CC40			OR	AH,40H
0246 A3EA1D			MOV	[FUNC],AX
0249 E97AFF			JMP	PARAM
024C 33C9		GETFN:	XOR	CX,CX
024E 57				PUSH	DI
024F 47				INC	DI
0250 FC				CLD
0251 AC			GETFN1:	LODSB
0252 3C0D			CMP	AL,0DH
0254 7416			JZ	GETFN0
0256 3C21			CMP	AL,21H
0258 720E			JC	GETFN2
025A 3C61			CMP	AL,61H
025C 7206			JC	GETFN3
025E 3C7B			CMP	AL,7BH
0260 7302			JNC	GETFN3
0262 24DF			AND	AL,0DFH
0264 41			GETFN3:	INC	CX
0265 AA				STOSB
0266 EBE9			JMP	SHORT GETFN1
0268 85C9		GETFN2:	TEST	CX,CX
026A 74E5			JZ	GETFN1
026C 4E			GETFN0:	DEC	SI
026D 882D			MOV	[DI],CH
026F 5F				POP	DI
0270 880D			MOV	[DI],CL
0272 85C9			TEST	CX,CX
0274 C3				RET
0275 9F			ADDEXT:	LAHF
0276 FC				CLD
0277 8BEF			MOV	BP,DI
0279 32ED			XOR	CH,CH
027B 8A0D			MOV	CL,[DI]
027D 47				INC	DI
027E B02E			MOV	AL,2EH
0280 F2AE			REPNZ	SCASB
0282 7504			JNZ	ADDXT2
0284 9E				SAHF
0285 7312			JNC	ADDXT0
0287 4F				DEC	DI
0288 9E			ADDXT2:	SAHF
0289 7204			JC	ADDXT1
028B AA				STOSB
028C E8F608			CALL	WRM
028F 882D		ADDXT1:	MOV	[DI],CH
0291 8BC7			MOV	AX,DI
0293 2BC5			SUB	AX,BP
0295 48				DEC	AX
0296 8BFD			MOV	DI,BP
0298 AA				STOSB
0299 C3			ADDXT0:	RET
029A B80D0A		CRLF:	MOV	AX,0A0DH
029D AB				STOSW
029E B82409			MOV	AX,924H
02A1 AA				STOSB
02A2 BA8220			MOV	DX,OFFSET TEMP
02A5 CD21			INT	21H
02A7 C3				RET
02A8 F606EA1D04		PROCF:	TEST	BYTE PTR [FUNC],4
02AD 7501			JNZ	PROCF0
02AF C3				RET
02B0 33C0		PROCF0:	XOR	AX,AX
02B2 A3E01D			MOV	[PC],AX
02B5 A3E41D			MOV	[USIZE],AX
02B8 A3E61D			MOV	[ERRS],AX
02BB A3821E			MOV	[INCLEV],AX
02BE F606EA1D02			TEST	BYTE PTR [FUNC],2
02C3 7503			JNZ	NOCSYM
02C5 A30222			MOV	[SYMBS],AX
02C8 FEC4		NOCSYM:	INC	AH
02CA A3E81D			MOV	[VORG],AX
02CD 8926EE1D			MOV	[STK+2],SP
02D1 F606EA1D40			TEST	BYTE PTR [FUNC],40H
02D6 7411			JZ	PROCF1
02D8 B43C			MOV	AH,3CH
02DA 33C9			XOR	CX,CX
02DC BE621E			MOV	SI,OFFSET LSTFILE
02DF 8BD6			MOV	DX,SI
02E1 42				INC	DX
02E2 CD21			INT	21H
02E4 725F			JC	FFAIL
02E6 A3001E			MOV	[LSTHDL],AX
02E9 F606EA1D08		PROCF1:	TEST	BYTE PTR [FUNC],8
02EE 7411			JZ	PROCF2
02F0 B43C			MOV	AH,3CH
02F2 33C9			XOR	CX,CX
02F4 BE421E			MOV	SI,OFFSET OUTFILE
02F7 8BD6			MOV	DX,SI
02F9 42				INC	DX
02FA CD21			INT	21H
02FC 7247			JC	FFAIL
02FE A3FE1D			MOV	[OUTHDL],AX
0301 BE021E		PROCF2:	MOV	SI,OFFSET INFILE
0304 E81601			CALL	INCF
0307 723C			JC	FFAIL
0309 E84901		ASMFL:	CALL	RD
030C 7247			JC	ASMF0
030E E80B02			CALL	ASM
0311 731F			JNC	ASMNER
0313 E884FF			CALL	CRLF
0316 F606EA1D40			TEST	BYTE PTR [FUNC],40H
031B 7415			JZ	ASMNER
031D 4F				DEC	DI
031E BE621E			MOV	SI,OFFSET LSTFILE
0321 B440			MOV	AH,40H
0323 8BCF			MOV	CX,DI
0325 BA8220			MOV	DX,OFFSET TEMP
0328 2BCA			SUB	CX,DX
032A 8B1E001E			MOV	BX,[LSTHDL]
032E CD21			INT	21H
0330 7213			JC	FFAIL
0332 E84500		ASMNER:	CALL	LLST
0335 E88D01			CALL	WR
0338 73CF			JNC	ASMFL
033A E80501		ASMCL:	CALL	DECF
033D 73FB			JNC	ASMCL
033F E81800			CALL	CLOSF
0342 BE421E			MOV	SI,OFFSET OUTFILE
0345 BF8220		FFAIL:	MOV	DI,OFFSET TEMP
0348 56				PUSH	SI
0349 BE571D			MOV	SI,OFFSET EMB
034C E83608			CALL	WRM
034F 5E				POP	SI
0350 E83208			CALL	WRM
0353 F9				STC
0354 C3				RET
0355 E8EA00		ASMF0:	CALL	DECF
0358 73AF			JNC	ASMFL
035A F606EA1D40		CLOSF:	TEST	BYTE PTR [FUNC],40H
035F 7408			JZ	CLOSF1
0361 B43E			MOV	AH,3EH
0363 8B1E001E			MOV	BX,[LSTHDL]
0367 CD21			INT	21H
0369 F606EA1D08		CLOSF1:	TEST	BYTE PTR [FUNC],8
036E 7408			JZ	CLOSF0
0370 B43E			MOV	AH,3EH
0372 8B1EFE1D			MOV	BX,[OUTHDL]
0376 CD21			INT	21H
0378 F8			CLOSF0:	CLC
0379 C3				RET
037A F606EA1D40		LLST:	TEST	BYTE PTR [FUNC],40H
037F 7451			JZ	LLST0
0381 BE8221			MOV	SI,OFFSET OUTPUT
0384 BF8220			MOV	DI,OFFSET TEMP
0387 FC				CLD
0388 32E4			XOR	AH,AH
038A AC				LODSB
038B 8BE8			MOV	BP,AX
038D A00221			MOV	AL,[INPUT]
0390 91				XCHG	AX,CX
0391 E336			JCXZ	LLST3
0393 51				PUSH	CX
0394 E83C00			CALL	LLWB
0397 B92000			MOV	CX,20H
039A 8BC7			MOV	AX,DI
039C 2D8220			SUB	AX,OFFSET TEMP
039F 2BC8			SUB	CX,AX
03A1 D1E9			SHR	CX,1
03A3 D1E9			SHR	CX,1
03A5 D1E9			SHR	CX,1
03A7 B009			MOV	AL,9
03A9 F3AA			REPZ	STOSB
03AB 59				POP	CX
03AC 56				PUSH	SI
03AD BE0321			MOV	SI,OFFSET INPUT+1
03B0 F3A4			REPZ	MOVSB
03B2 5E				POP	SI
03B3 BA8220		LLST2:	MOV	DX,OFFSET TEMP
03B6 8BCF			MOV	CX,DI
03B8 B440			MOV	AH,40H
03BA 8B1E001E			MOV	BX,[LSTHDL]
03BE 2BCA			SUB	CX,DX
03C0 CD21			INT	21H
03C2 85ED			TEST	BP,BP
03C4 740C			JZ	LLST0
03C6 BF8220			MOV	DI,OFFSET TEMP
03C9 E80700		LLST3:	CALL	LLWB
03CC B80D0A			MOV	AX,0A0DH
03CF AB				STOSW
03D0 EBE1			JMP	SHORT LLST2
03D2 C3			LLST0:	RET
03D3 A1E21D		LLWB:	MOV	AX,[PC+2]
03D6 0306E81D			ADD	AX,[VORG]
03DA 50				PUSH	AX
03DB 8AC4			MOV	AL,AH
03DD E8C30C			CALL	HALX
03E0 58				POP	AX
03E1 E8BF0C			CALL	HALX
03E4 B020			MOV	AL,20H
03E6 AA				STOSB
03E7 85ED			TEST	BP,BP
03E9 7415			JZ	LLWB0
03EB B90800			MOV	CX,8
03EE 3BCD			CMP	CX,BP
03F0 7202			JC	LLWB1
03F2 8BCD			MOV	CX,BP
03F4 010EE21D		LLWB1:	ADD	[PC+2],CX
03F8 2BE9			SUB	BP,CX
03FA AC			LLWB2:	LODSB
03FB E8A50C			CALL	HALX
03FE E2FA			LOOP	LLWB2
0400 C3			LLWB0:	RET
0401 F606EA1D04		CALF:	TEST	BYTE PTR [FUNC],4
0406 7413			JZ	CALF0
0408 A1821E			MOV	AX,[INCLEV]
040B 85C0			TEST	AX,AX
040D 740C			JZ	CALF0
040F 48				DEC	AX
0410 86C4			XCHG	AL,AH
0412 D1E8			SHR	AX,1
0414 D1E8			SHR	AX,1
0416 05841E			ADD	AX,OFFSET INCLEV+2
0419 F8				CLC
041A C3				RET
041B F9			CALF0:	STC
041C C3				RET
041D FF06821E		INCF:	INC	WORD PTR [INCLEV]
0421 E8DDFF			CALL	CALF
0424 7216			JC	INCF0
0426 BF003D			MOV	DI,3D00H
0429 8BD6			MOV	DX,SI
042B 97				XCHG	AX,DI
042C 42				INC	DX
042D CD21			INT	21H
042F 720B			JC	INCF0
0431 AB				STOSW
0432 33C0			XOR	AX,AX
0434 AB				STOSW
0435 A4				MOVSB
0436 4E				DEC	SI
0437 E84B07			CALL	WRM
043A F8				CLC
043B C3				RET
043C FF0E821E		INCF0:	DEC	WORD PTR [INCLEV]
0440 F9				STC
0441 C3				RET
0442 E8BCFF		DECF:	CALL	CALF
0445 720D			JC	DECF0
0447 8BF0			MOV	SI,AX
0449 B43E			MOV	AH,3EH
044B 8B1C			MOV	BX,[SI]
044D CD21			INT	21H
044F FF0E821E			DEC	WORD PTR [INCLEV]
0453 F8				CLC
0454 C3			DECF0:	RET
0455 E8A9FF		RD:	CALL	CALF
0458 722F			JC	RD0
045A 8BD8			MOV	BX,AX
045C FF4702			INC	WORD PTR [BX+2]
045F 8B1F			MOV	BX,[BX]
0461 BA0321			MOV	DX,OFFSET INPUT+1
0464 F606EA1D80			TEST	BYTE PTR [FUNC],80H
0469 741F			JZ	RD1
046B B80042			MOV	AX,4200H
046E 33C9			XOR	CX,CX
0470 52				PUSH	DX
0471 8B16E01D			MOV	DX,[PC]
0475 53				PUSH	BX
0476 CD21			INT	21H
0478 5B				POP	BX
0479 5A				POP	DX
047A 720D			JC	RD0
047C B43F			MOV	AH,3FH
047E B108			MOV	CL,8
0480 CD21			INT	21H
0482 7205			JC	RD0
0484 A20221			MOV	[INPUT],AL
0487 3C01			CMP	AL,1
0489 C3			RD0:	RET
048A B43F		RD1:	MOV	AH,3FH
048C B97E00			MOV	CX,7EH
048F 8BFA			MOV	DI,DX
0491 53				PUSH	BX
0492 CD21			INT	21H
0494 5B				POP	BX
0495 72F2			JC	RD0
0497 3C01			CMP	AL,1
0499 72EE			JC	RD0
049B 91				XCHG	AX,CX
049C B00D			MOV	AL,0DH
049E FC				CLD
049F F2AE			REPNZ	SCASB
04A1 75E6			JNZ	RD0
04A3 B00A			MOV	AL,0AH
04A5 E306			JCXZ	RD2
04A7 49				DEC	CX
04A8 AE				SCASB
04A9 7403			JZ	RD3
04AB 4F				DEC	DI
04AC 41				INC	CX
04AD AA			RD2:	STOSB
04AE B80221		RD3:	MOV	AX,OFFSET INPUT
04B1 97				XCHG	AX,DI
04B2 2BC7			SUB	AX,DI
04B4 48				DEC	AX
04B5 AA				STOSB
04B6 33C0			XOR	AX,AX
04B8 2BC1			SUB	AX,CX
04BA 74CD			JZ	RD0
04BC 99				CWD
04BD B90142			MOV	CX,4201H
04C0 92				XCHG	AX,DX
04C1 91				XCHG	AX,CX
04C2 CD21			INT	21H
04C4 C3				RET
04C5 800E822100		WR:	OR	BYTE PTR [OUTPUT],0
04CA 744F			JZ	WR0
04CC F606EA1D08			TEST	BYTE PTR [FUNC],8
04D1 7443			JZ	WR4
04D3 830EE41D00			OR	WORD PTR [USIZE],0
04D8 7429			JZ	WR3
04DA BF8220			MOV	DI,OFFSET TEMP
04DD B98000			MOV	CX,80H
04E0 32C0			XOR	AL,AL
04E2 FC				CLD
04E3 F3AA			REPZ	STOSB
04E5 B98000		WR1:	MOV	CX,80H
04E8 390EE41D			CMP	[USIZE],CX
04EC 7304			JNC	WR2
04EE 8B0EE41D			MOV	CX,[USIZE]
04F2 B440		WR2:	MOV	AH,40H
04F4 BA8220			MOV	DX,OFFSET TEMP
04F7 8B1EFE1D			MOV	BX,[OUTHDL]
04FB CD21			INT	21H
04FD 290EE41D			SUB	[USIZE],CX
0501 77E2			JA	WR1
0503 B440		WR3:	MOV	AH,40H
0505 32ED			XOR	CH,CH
0507 8A0E8221			MOV	CL,[OUTPUT]
050B BA8321			MOV	DX,OFFSET OUTPUT+1
050E 8B1EFE1D			MOV	BX,[OUTHDL]
0512 CD21			INT	21H
0514 7205			JC	WR0
0516 33C0		WR4:	XOR	AX,AX
0518 A3E41D			MOV	[USIZE],AX
051B C3			WR0:	RET
051C A1E01D		ASM:	MOV	AX,[PC]
051F A3E21D			MOV	[PC+2],AX
0522 33C0			XOR	AX,AX
0524 A28221			MOV	[OUTPUT],AL
0527 8926EC1D			MOV	[STK],SP
052B BFF01D			MOV	DI,OFFSET FLAGS
052E B90E00			MOV	CX,14
0531 FC				CLD
0532 F3AA			REPZ	STOSB
0534 BE0221			MOV	SI,OFFSET INPUT
0537 AC				LODSB
0538 84C0			TEST	AL,AL
053A 7459			JZ	DSA0
053C F606EA1D80			TEST	BYTE PTR [FUNC],80H
0541 7454			JZ	ASM1
0543 BF8321			MOV	DI,OFFSET OUTPUT+1
0546 8B26EC1D		DSAS:	MOV	SP,[STK]
054A B009			MOV	AL,9
054C AA				STOSB
054D AC				LODSB
054E A2F81D			MOV	[OPCODE],AL
0551 2401			AND	AL,1
0553 B104			MOV	CL,4
0555 D2E0			SHL	AL,CL
0557 A2F11D			MOV	[WADJ],AL
055A A0F81D			MOV	AL,[OPCODE]
055D 32E4			XOR	AH,AH
055F D1E0			SHL	AX,1
0561 D1E0			SHL	AX,1
0563 05C217			ADD	AX,OFFSET BIN86
0566 56				PUSH	SI
0567 8BF0			MOV	SI,AX
0569 AD				LODSW
056A 56				PUSH	SI
056B 8BF0			MOV	SI,AX
056D 32E4			XOR	AH,AH
056F AC				LODSB
0570 8BC8			MOV	CX,AX
0572 E305			JCXZ	NOMNEM
0574 F3A4			REPZ	MOVSB
0576 B009			MOV	AL,9
0578 AA				STOSB
0579 5E			NOMNEM:	POP	SI
057A AD				LODSW
057B 5E				POP	SI
057C FFD0			CALL	AX
057E E8F90C			CALL	ENDL
0581 E8B10B			CALL	LSPR
0584 8BC6			MOV	AX,SI
0586 2D0321			SUB	AX,OFFSET INPUT+1
0589 0106E01D			ADD	[PC],AX
058D 8BC7			MOV	AX,DI
058F 2D8321			SUB	AX,OFFSET OUTPUT+1
0592 A28221			MOV	[OUTPUT],AL
0595 F8			DSA0:	CLC
0596 C3				RET
0597 E8EE00		ASM1:	CALL	CC
059A 8BEE			MOV	BP,SI
059C 8B26EC1D		ASML:	MOV	SP,[STK]
05A0 E8E500			CALL	CC
05A3 7422			JZ	ASM0
05A5 BF6114			MOV	DI,OFFSET I8086
05A8 E8AF01			CALL	SL
05AB 7223			JC	NOGOOD
05AD A2F81D			MOV	[OPCODE],AL
05B0 800EF01D20			OR	BYTE PTR [FLAGS],20H
05B5 32C0			XOR	AL,AL
05B7 86C4			XCHG	AL,AH
05B9 D1E0			SHL	AX,1
05BB 05EC1B			ADD	AX,OFFSET IHDL
05BE 8BD8			MOV	BX,AX
05C0 FF17			CALL	[BX]
05C2 E8C300			CALL	CC
05C5 7559			JNZ	BADF9
05C7 A0F01D		ASM0:	MOV	AL,[FLAGS]
05CA A8FF			TEST	AL,0FFH
05CC 7557			JNZ	WRB
05CE EB58			JMP	SHORT WRUPD
05D0 E8C703		NOGOOD:	CALL	SCREG
05D3 720A			JC	BAD
05D5 E89703			CALL	GSPR
05D8 7241			JC	BADFC
05DA E85600			CALL	OUTW
05DD EBBD			JMP	SHORT ASML
05DF 3BEE		BAD:	CMP	BP,SI
05E1 7233			JC	BADF3
05E3 BF0222			MOV	DI,OFFSET SYMBS
05E6 E87101			CALL	SL
05E9 720C			JC	BADD
05EB F606EA1D01			TEST	BYTE PTR [FUNC],1
05F0 7418			JZ	BADX
05F2 B00A			MOV	AL,0AH
05F4 E92405			JMP	FAIL
05F7 8AC3		BADD:	MOV	AL,BL
05F9 AA				STOSB
05FA 8BCB			MOV	CX,BX
05FC F3A4			REPZ	MOVSB
05FE A1E01D			MOV	AX,[PC]
0601 0306E81D			ADD	AX,[VORG]
0605 AB				STOSW
0606 FF060222			INC	WORD PTR [SYMBS]
060A E87B00		BADX:	CALL	CC
060D 7407			JZ	BADF3
060F 3C3A			CMP	AL,3AH
0611 7589			JNZ	ASML
0613 46				INC	SI
0614 EB86			JMP	SHORT ASML
0616 B003		BADF3:	MOV	AL,3
0618 E90005			JMP	FAIL
061B B00C		BADFC:	MOV	AL,0CH
061D E9FB04			JMP	FAIL
0620 B009		BADF9:	MOV	AL,9
0622 E9F604			JMP	FAIL
0625 E80B00		WRB:	CALL	OUTW
0628 32E4		WRUPD:	XOR	AH,AH
062A A08221			MOV	AL,[OUTPUT]
062D 0106E01D			ADD	[PC],AX
0631 F8				CLC
0632 C3				RET
0633 FC			OUTW:	CLD
0634 56				PUSH	SI
0635 32E4			XOR	AH,AH
0637 A08221			MOV	AL,[OUTPUT]
063A BF8321			MOV	DI,OFFSET OUTPUT+1
063D 03F8			ADD	DI,AX
063F BEF71D			MOV	SI,OFFSET SEGPREF
0642 8A16F01D			MOV	DL,[FLAGS]
0646 AC				LODSB
0647 F6C240			TEST	DL,40H
064A 7401			JZ	NOSPR
064C AA				STOSB
064D AC			NOSPR:	LODSB
064E F6C220			TEST	DL,20H
0651 7401			JZ	NOOPC
0653 AA				STOSB
0654 AC			NOOPC:	LODSB
0655 F6C210			TEST	DL,10H
0658 7401			JZ	NOMOD
065A AA				STOSB
065B AD			NOMOD:	LODSW
065C F6C208			TEST	DL,8
065F 7409			JZ	WNDISP
0661 F6C204			TEST	DL,4
0664 7403			JZ	WBDISP
0666 AA				STOSB
0667 8AC4			MOV	AL,AH
0669 AA			WBDISP:	STOSB
066A AD			WNDISP:	LODSW
066B F6C202			TEST	DL,2
066E 7409			JZ	WNIMM
0670 F6C201			TEST	DL,1
0673 7403			JZ	WBIMM
0675 AA				STOSB
0676 8AC4			MOV	AL,AH
0678 AA			WBIMM:	STOSB
0679 8BC7		WNIMM:	MOV	AX,DI
067B 2D8321			SUB	AX,OFFSET OUTPUT+1
067E A28221			MOV	[OUTPUT],AL
0681 32C0			XOR	AL,AL
0683 A2F01D			MOV	[FLAGS],AL
0686 5E				POP	SI
0687 C3				RET
0688 33DB		CC:	XOR	BX,BX
068A 8A00		CCM:	MOV	AL,[BX+SI]
068C 3C00			CMP	AL,0
068E 7445			JZ	CCT
0690 3C0D			CMP	AL,0DH
0692 7441			JZ	CCT
0694 3C21			CMP	AL,21H
0696 7249			JC	CCK
0698 3C22			CMP	AL,22H
069A 742F			JZ	CCQ
069C 3C27			CMP	AL,27H
069E 742B			JZ	CCQ
06A0 3C2C			CMP	AL,2CH
06A2 743D			JZ	CCK
06A4 3C30			CMP	AL,30H
06A6 7232			JC	CCS
06A8 3C3A			CMP	AL,3AH
06AA 721C			JC	CCL
06AC 3C3B			CMP	AL,3BH
06AE 7425			JZ	CCT
06B0 3C41			CMP	AL,41H
06B2 7226			JC	CCS
06B4 3C5B			CMP	AL,5BH
06B6 7210			JC	CCL
06B8 3C5F			CMP	AL,5FH
06BA 740C			JZ	CCL
06BC 3C61			CMP	AL,61H
06BE 721A			JC	CCS
06C0 3C7B			CMP	AL,7BH
06C2 7316			JNC	CCS
06C4 24DF			AND	AL,0DFH
06C6 8800			MOV	[BX+SI],AL
06C8 43			CCL:	INC	BX
06C9 EBBF			JMP	SHORT CCM
06CB 85DB		CCQ:	TEST	BX,BX
06CD 7506			JNZ	CCT
06CF 43			CCW:	INC	BX
06D0 3800			CMP	[BX+SI],AL
06D2 75FB			JNZ	CCW
06D4 43				INC	BX
06D5 8A04		CCT:	MOV	AL,[SI]
06D7 85DB			TEST	BX,BX
06D9 C3				RET
06DA 85DB		CCS:	TEST	BX,BX
06DC 75F7			JNZ	CCT
06DE 43				INC	BX
06DF EBF4			JMP	SHORT CCT
06E1 85DB		CCK:	TEST	BX,BX
06E3 75F0			JNZ	CCT
06E5 46				INC	SI
06E6 EBA2			JMP	SHORT CCM
06E8 2C30		RN:	SUB	AL,48
06EA 7235			JC	RN9
06EC 3C0A			CMP	AL,10
06EE 7331			JNC	RN9
06F0 32E4			XOR	AH,AH
06F2 83FB01			CMP	BX,1
06F5 722A			JC	RN9
06F7 7702			JA	RN1
06F9 46				INC	SI
06FA C3				RET
06FB FC			RN1:	CLD
06FC 52				PUSH	DX
06FD 53				PUSH	BX
06FE 56				PUSH	SI
06FF 4B				DEC	BX
0700 33D2			XOR	DX,DX
0702 8A00			MOV	AL,[BX+SI]
0704 B104			MOV	CL,4
0706 3C30			CMP	AL,48
0708 7214			JC	RN0
070A 3C3A			CMP	AL,58
070C 7232			JC	RN5
070E 3C48			CMP	AL,72
0710 7414			JZ	RN6
0712 3C4F			CMP	AL,79
0714 740F			JZ	RN8
0716 3C51			CMP	AL,81
0718 740A			JZ	RN4
071A 3C42			CMP	AL,66
071C 7405			JZ	RN2
071E 5E			RN0:	POP	SI
071F 5B				POP	BX
0720 5A				POP	DX
0721 F9			RN9:	STC
0722 C3				RET
0723 49			RN2:	DEC	CX
0724 49			RN4:	DEC	CX
0725 49			RN8:	DEC	CX
0726 D3E2		RN6:	SHL	DX,CL
0728 AC				LODSB
0729 2C30			SUB	AL,48
072B 72F1			JC	RN0
072D 3C0A			CMP	AL,10
072F 7202			JC	RN7
0731 2C07			SUB	AL,7
0733 0AD0		RN7:	OR	DL,AL
0735 4B				DEC	BX
0736 75EE			JNZ	RN6
0738 8BC2		RN3:	MOV	AX,DX
073A 5E				POP	SI
073B 5B				POP	BX
073C 03F3			ADD	SI,BX
073E 5A				POP	DX
073F C3				RET
0740 AC			RN5:	LODSB
0741 2C30			SUB	AL,48
0743 72D9			JC	RN0
0745 3C0A			CMP	AL,10
0747 73D5			JNC	RN0
0749 D1E2			SHL	DX,1
074B 8BCA			MOV	CX,DX
074D D1E2			SHL	DX,1
074F D1E2			SHL	DX,1
0751 03D1			ADD	DX,CX
0753 03D0			ADD	DX,AX
0755 4B				DEC	BX
0756 79E8			JNS	RN5
0758 EBDE			JMP	SHORT RN3
075A 32ED		SL:	XOR	CH,CH
075C 8B05			MOV	AX,[DI]
075E 47			SL1:	INC	DI
075F 47				INC	DI
0760 85C0			TEST	AX,AX
0762 7502			JNZ	SL2
0764 F9				STC
0765 C3				RET
0766 8A0D		SL2:	MOV	CL,[DI]
0768 47				INC	DI
0769 3ACB			CMP	CL,BL
076B 750D			JNZ	SL3
076D 56				PUSH	SI
076E FC				CLD
076F F3A6			REPZ	CMPSB
0771 5E				POP	SI
0772 7506			JNZ	SL3
0774 03F3			ADD	SI,BX
0776 8B05			MOV	AX,[DI]
0778 F8				CLC
0779 C3				RET
077A 03F9		SL3:	ADD	DI,CX
077C 48				DEC	AX
077D EBDF			JMP	SHORT SL1
077F B90A00		WDA:	MOV	CX,10
0782 FC			WN:	CLD
0783 3BC1			CMP	AX,CX
0785 7309			JNC	WN1
0787 3D0A00			CMP	AX,10
078A 7304			JNC	WN1
078C 0C30			OR	AL,30H
078E AA				STOSB
078F C3				RET
0790 8BF7		WN1:	MOV	SI,DI
0792 33D2		WN2:	XOR	DX,DX
0794 F7F1			DIV	CX
0796 92				XCHG	AX,DX
0797 3C0A			CMP	AL,10
0799 1C69			SBB	AL,105
079B 2F				DAS
079C AA				STOSB
079D 92				XCHG	AX,DX
079E 85C0			TEST	AX,AX
07A0 75F0			JNZ	WN2
07A2 80FA3A			CMP	DL,58
07A5 7203			JC	WN5
07A7 B030			MOV	AL,48
07A9 AA				STOSB
07AA 8BCF		WN5:	MOV	CX,DI
07AC 2BCE			SUB	CX,SI
07AE D1E9			SHR	CX,1
07B0 740C			JZ	WN0
07B2 2BF9			SUB	DI,CX
07B4 03F1			ADD	SI,CX
07B6 4E			WN4:	DEC	SI
07B7 8A05			MOV	AL,[DI]
07B9 8604			XCHG	[SI],AL
07BB AA				STOSB
07BC E2F8			LOOP	WN4
07BE C3			WN0:	RET
07BF 85C0		AA:	TEST	AX,AX
07C1 7904			JNS	AANS
07C3 3D80FF			CMP	AX,0FF80H
07C6 C3				RET
07C7 3D8000		AANS:	CMP	AX,80H
07CA F5				CMC
07CB C3				RET
07CC E8B9FE		SW:	CALL	CC
07CF 7417			JZ	SW0
07D1 BF6114		SW1:	MOV	DI,OFFSET I8086
07D4 56				PUSH	SI
07D5 E882FF			CALL	SL
07D8 5E				POP	SI
07D9 720A			JC	SW2
07DB 80FC15			CMP	AH,15H
07DE 7505			JNZ	SW2
07E0 03F3			ADD	SI,BX
07E2 85C0			TEST	AX,AX
07E4 C3				RET
07E5 33C0		SW2:	XOR	AX,AX
07E7 C3				RET
07E8 F9			SW0:	STC
07E9 C3				RET
07EA F606EA1D01		SIZAL:	TEST	BYTE PTR [FUNC],1
07EF 7515			JNZ	SIZAL0
07F1 F606F11DFF			TEST	BYTE PTR [WADJ],0FFH
07F6 750E			JNZ	SIZAL0
07F8 84E4			TEST	AH,AH
07FA 740A			JZ	SIZAL0
07FC E8C0FF			CALL	AA
07FF 7305			JNC	SIZAL0
0801 B007			MOV	AL,7
0803 E91503			JMP	FAIL
0806 C3			SIZAL0:	RET
0807 E87EFE		RA:	CALL	CC
080A E88D01			CALL	SCREG
080D 731F			JNC	RAR
080F E82101			CALL	BORW
0812 7335			JNC	RAD
0814 E8EB00			CALL	RE
0817 80E603			AND	DH,3
081A 750B			JNZ	RAIW	
081C B102			MOV	CL,2
081E 84E4			TEST	AH,AH
0820 7407			JZ	RAIB
0822 E89AFF			CALL	AA
0825 7302			JNC	RAIB
0827 B103		RAIW:	MOV	CL,3
0829 32C0		RAIB:	XOR	AL,AL
082B E9B700			JMP	WARG0
082E E83E01		RAR:	CALL	GSPR
0831 7316			JNC	RAD
0833 BA0302			MOV	DX,203H
0836 3C10			CMP	AL,10H
0838 7308			JNC	RARS
083A B201			MOV	DL,1
083C 3C08			CMP	AL,8
083E 7302			JNC	RARS
0840 B601			MOV	DH,1
0842 2407		RARS:	AND	AL,7
0844 86F0			XCHG	DH,AL
0846 E9A000			JMP	WARG
0849 33C9		RAD:	XOR	CX,CX
084B BA0280			MOV	DX,8002H
084E 80F680		RADM:	XOR	DH,80H
0851 80E6BF		RADP:	AND	DH,0BFH
0854 46				INC	SI
0855 E830FE		RADL:	CALL	CC
0858 743C			JZ	RAD8
085A 3C5D			CMP	AL,5DH
085C 7458			JZ	RADX
085E 3C2B			CMP	AL,2BH
0860 74EF			JZ	RADP
0862 3C2D			CMP	AL,2DH
0864 74E8			JZ	RADM
0866 51				PUSH	CX
0867 E83001			CALL	SCREG
086A 59				POP	CX
086B 730D			JNC	RADR
086D 51				PUSH	CX
086E E84401			CALL	GV
0871 59				POP	CX
0872 723D			JC	RA1
0874 0106FA1D			ADD	[DISP],AX
0878 EBDB			JMP	SHORT RADL
087A B101		RADR:	MOV	CL,1
087C 3C0B			CMP	AL,11
087E 7421			JZ	BXD
0880 3C0D			CMP	AL,13
0882 741B			JZ	BPD
0884 3C0E			CMP	AL,14
0886 7413			JZ	SID
0888 3C0F			CMP	AL,15
088A 7411			JZ	DID
088C E8E000			CALL	GSPR
088F 73C4			JNC	RADL
0891 B002		RAD2:	MOV	AL,2
0893 E98502			JMP	FAIL
0896 B008		RAD8:	MOV	AL,8
0898 E98002			JMP	FAIL
089B D0E1		SID:	SHL	CL,1
089D D0E1		DID:	SHL	CL,1
089F D0E1		BPD:	SHL	CL,1
08A1 84E9		BXD:	TEST	CH,CL
08A3 75EC			JNZ	RAD2
08A5 F6C680			TEST	DH,80H
08A8 75E7			JNZ	RAD2
08AA 0AE9			OR	CH,CL
08AC 80CE40			OR	DH,40H
08AF EBA4			JMP	SHORT RADL
08B1 B001		RA1:	MOV	AL,1
08B3 E96502			JMP	FAIL
08B6 84F6		RADX:	TEST	DH,DH
08B8 74DC			JZ	RAD8
08BA 46				INC	SI
08BB 8AC5			MOV	AL,CH
08BD BBC21B			MOV	BX,OFFSET RM
08C0 D7				XLATB
08C1 A8F0			TEST	AL,0F0H
08C3 75CC			JNZ	RAD2
08C5 86C6			XCHG	AL,DH
08C7 A803			TEST	AL,3
08C9 7515			JNZ	RADW
08CB 80FE0E			CMP	DH,0EH
08CE 7410			JZ	RADW
08D0 32C9			XOR	CL,CL
08D2 A1FA1D			MOV	AX,[DISP]
08D5 85C0			TEST	AX,AX
08D7 7409			JZ	RADB
08D9 B108			MOV	CL,8
08DB E8E1FE			CALL	AA
08DE 7302			JNC	RADB
08E0 B10C		RADW:	MOV	CL,0CH
08E2 A0F11D		RADB:	MOV	AL,[WADJ]
08E5 080EF01D		WARG0:	OR	[FLAGS],CL
08E9 B104		WARG:	MOV	CL,4
08EB F606F31D0F			TEST	BYTE PTR [ARGS],0FH
08F0 7404			JZ	NARGS
08F2 D2C0			ROL	AL,CL
08F4 D3C2			ROL	DX,CL
08F6 0806F51D		NARGS:	OR	[ARGS+2],AL
08FA 0916F31D			OR	[ARGS],DX
08FE A1F31D			MOV	AX,[ARGS]
0901 C3				RET
0902 BA0480		RE:	MOV	DX,8004H
0905 4E				DEC	SI
0906 80F680		RESM:	XOR	DH,80H
0909 80E6BF		RESP:	AND	DH,0BFH
090C 46				INC	SI
090D E878FD		REL:	CALL	CC
0910 7413			JZ	REE
0912 3C2B			CMP	AL,2BH
0914 74F3			JZ	RESP
0916 3C2D			CMP	AL,2DH
0918 74EC			JZ	RESM
091A E89800			CALL	GV
091D 7206			JC	REE
091F 0106FC1D			ADD	[IMM],AX
0923 EBE8			JMP	SHORT REL
0925 F6C640		REE:	TEST	DH,40H
0928 7404			JZ	RE8
092A A1FC1D			MOV	AX,[IMM]
092D C3				RET
092E B008		RE8:	MOV	AL,8
0930 E9E801			JMP	FAIL
0933 3C5B		BORW:	CMP	AL,5BH
0935 742B			JZ	BRACP
0937 E892FE			CALL	SW
093A 7427			JZ	BORW0
093C 3C08		SPTR:	CMP	AL,8
093E 7323			JNC	BORW0
0940 A2F11D			MOV	[WADJ],AL
0943 E886FE			CALL	SW
0946 7222			JC	BORW8
0948 3C11			CMP	AL,11H
094A 750F			JNZ	SPTRR
094C E839FD			CALL	CC
094F 7419			JZ	BORW8
0951 E84600			CALL	SCREG
0954 7205			JC	SPTRR
0956 E81600			CALL	GSPR
0959 720A			JC	BORW1
095B E82AFD		SPTRR:	CALL	CC
095E 3C5B			CMP	AL,5BH
0960 7503			JNZ	BORW1
0962 C3			BRACP:	RET
0963 F9			BORW0:	STC
0964 C3				RET
0965 B001		BORW1:	MOV	AL,1
0967 E9B101			JMP	FAIL
096A B008		BORW8:	MOV	AL,8
096C E9AC01			JMP	FAIL
096F 3C10		GSPR:	CMP	AL,16
0971 7225			JC	GSPR0
0973 50				PUSH	AX
0974 E811FD			CALL	CC
0977 3C3A			CMP	AL,3AH
0979 58				POP	AX
097A 751C			JNZ	GSPR0
097C 2403			AND	AL,3
097E D0E0			SHL	AL,1
0980 D0E0			SHL	AL,1
0982 D0E0			SHL	AL,1
0984 0C26			OR	AL,26H
0986 A2F71D			MOV	[SEGPREF],AL
0989 A0F01D			MOV	AL,[FLAGS]
098C A840			TEST	AL,40H
098E 7508			JNZ	GSPR0
0990 0C40			OR	AL,40H
0992 A2F01D			MOV	[FLAGS],AL
0995 46				INC	SI
0996 F8				CLC
0997 C3				RET
0998 F9			GSPR0:	STC
0999 C3				RET
099A FC			SCREG:	CLD
099B AD				LODSW
099C 83FB02			CMP	BX,2
099F 7510			JNZ	SCREG0
09A1 BF641C			MOV	DI,OFFSET REGS
09A4 B91400			MOV	CX,14H
09A7 F2AF			REPNZ	SCASW
09A9 7506			JNZ	SCREG0
09AB B013			MOV	AL,13H
09AD 2AC1			SUB	AL,CL
09AF F8				CLC
09B0 C3				RET
09B1 4E			SCREG0:	DEC	SI
09B2 4E				DEC	SI
09B3 F9				STC
09B4 C3				RET
09B5 F6C640		GV:	TEST	DH,40H
09B8 7525			JNZ	GVA
09BA E8CBFC			CALL	CC
09BD 7420			JZ	GVA
09BF 3C24			CMP	AL,24H
09C1 741E			JZ	GVC
09C3 3C22			CMP	AL,22H
09C5 7428			JZ	GVQ
09C7 3C27			CMP	AL,27H
09C9 7424			JZ	GVQ
09CB E81AFD			CALL	RN
09CE 7244			JC	GVL
09D0 F6C680		GVV:	TEST	DH,80H
09D3 7402			JZ	GVX
09D5 F7D8			NEG	AX
09D7 80E67F		GVX:	AND	DH,7FH
09DA 80CE40			OR	DH,40H
09DD F8				CLC
09DE C3				RET
09DF F9			GVA:	STC
09E0 C3				RET
09E1 80CE02		GVC:	OR	DH,2
09E4 A1E01D			MOV	AX,[PC]
09E7 0306E81D			ADD	AX,[VORG]
09EB 03F3			ADD	SI,BX
09ED EBE1			JMP	SHORT GVV
09EF FF7401		GVQ:	PUSH	WORD PTR [SI+1]
09F2 03F3			ADD	SI,BX
09F4 8AC3			MOV	AL,BL
09F6 3C03			CMP	AL,3
09F8 7210			JC	GV8
09FA 3C04			CMP	AL,4
09FC 7707			JA	GV7
09FE 58				POP	AX
09FF 73CF			JNC	GVV
0A01 32E4			XOR	AH,AH
0A03 EBCB			JMP	SHORT GVV
0A05 B007		GV7:	MOV	AL,7
0A07 E91101			JMP	FAIL
0A0A B008		GV8:	MOV	AL,8
0A0C E90C01			JMP	FAIL
0A0F B00C		G15H:	MOV	AL,0CH
0A11 E90701			JMP	FAIL
0A14 E883FF		GVL:	CALL	SCREG
0A17 73F6			JNC	G15H
0A19 80CE01			OR	DH,1
0A1C E8B2FD			CALL	SW1
0A1F 7409			JZ	GVL1
0A21 3C10			CMP	AL,10H
0A23 75EA			JNZ	G15H
0A25 E860FC			CALL	CC
0A28 74E0			JZ	GV8
0A2A BF0222		GVL1:	MOV	DI,OFFSET SYMBS
0A2D E82AFD			CALL	SL
0A30 739E			JNC	GVV
0A32 F606EA1D02			TEST	BYTE PTR [FUNC],2
0A37 74A8			JZ	GVC
0A39 B004			MOV	AL,4
0A3B E9DD00			JMP	FAIL
0A3E 50			WA:	PUSH	AX
0A3F A0F51D			MOV	AL,[ARGS+2]
0A42 8AE0			MOV	AH,AL
0A44 B104			MOV	CL,4
0A46 D2EC			SHR	AH,CL
0A48 250F0F			AND	AX,0F0FH
0A4B 741C			JZ	WAZ
0A4D 84C0			TEST	AL,AL
0A4F 740D			JZ	WALZ
0A51 84E4			TEST	AH,AH
0A53 740F			JZ	WAHZ
0A55 3AC4			CMP	AL,AH
0A57 740B			JZ	WAHZ
0A59 B006		WA0:	MOV	AL,6
0A5B E9BD00			JMP	FAIL
0A5E 3AC4		WALZ:	CMP	AL,AH
0A60 7407			JZ	WAZ
0A62 8AC4			MOV	AL,AH
0A64 3C02		WAHZ:	CMP	AL,2
0A66 77F1			JA	WA0
0A68 48				DEC	AX
0A69 A2F11D		WAZ:	MOV	[WADJ],AL
0A6C F606F01D02			TEST	BYTE PTR [FLAGS],2
0A71 7415			JZ	WAE
0A73 84C0		WAX:	TEST	AL,AL
0A75 7406			JZ	WAB
0A77 0806F01D			OR	[FLAGS],AL
0A7B 58				POP	AX
0A7C C3				RET
0A7D A1FC1D		WAB:	MOV	AX,[IMM]
0A80 E867FD			CALL	SIZAL
0A83 8026F01DFE			AND	BYTE PTR [FLAGS],0FEH
0A88 58			WAE:	POP	AX
0A89 C3				RET
0A8A 800EF01D10		MMODRM:	OR	BYTE PTR [FLAGS],10H
0A8F A1F31D			MOV	AX,[ARGS]
0A92 B104			MOV	CL,4
0A94 3C11			CMP	AL,11H
0A96 7471			JZ	MREGL
0A98 3C12			CMP	AL,12H
0A9A 7432			JZ	MMEMR
0A9C 3C13			CMP	AL,13H
0A9E 7469			JZ	MREGL
0AA0 3C21			CMP	AL,21H
0AA2 7428			JZ	MMEML
0AA4 3C23			CMP	AL,23H
0AA6 7424			JZ	MMEML
0AA8 3C31			CMP	AL,31H
0AAA 745F			JZ	MREGR
0AAC 3C32			CMP	AL,32H
0AAE 741E			JZ	MMEMR
0AB0 250F0F			AND	AX,0F0FH
0AB3 3C01			CMP	AL,1
0AB5 7454			JZ	MREGR
0AB7 3C02			CMP	AL,2
0AB9 7413			JZ	MMEMR
0ABB A1F31D			MOV	AX,[ARGS]
0ABE D3C8			ROR	AX,CL
0AC0 250F0F			AND	AX,0F0FH
0AC3 3C01			CMP	AL,1
0AC5 7444			JZ	MREGR
0AC7 3C02			CMP	AL,2
0AC9 7403			JZ	MMEMR
0ACB C3				RET
0ACC D2CC		MMEML:	ROR	AH,CL
0ACE 8AC4		MMEMR:	MOV	AL,AH
0AD0 50				PUSH	AX
0AD1 250770			AND	AX,7007H
0AD4 D0CC			ROR	AH,1
0AD6 0AC4			OR	AL,AH
0AD8 0806F91D			OR	[MODRM],AL
0ADC 58				POP	AX
0ADD A808			TEST	AL,8
0ADF 7527			JNZ	MME
0AE1 F606F01D08			TEST	BYTE PTR [FLAGS],8
0AE6 7410			JZ	MM0
0AE8 B040			MOV	AL,40H
0AEA F606F01D04			TEST	BYTE PTR [FLAGS],4
0AEF 7402			JZ	MM8
0AF1 D0E0			SHL	AL,1
0AF3 0806F91D		MM8:	OR	[MODRM],AL
0AF7 C3				RET
0AF8 2407		MM0:	AND	AL,7
0AFA 3C06			CMP	AL,6
0AFC 750A			JNZ	MME
0AFE 800EF01D08			OR	BYTE PTR [FLAGS],8
0B03 800EF91D40			OR	BYTE PTR [MODRM],40H
0B08 C3			MME:	RET
0B09 D2CC		MREGL:	ROR	AH,CL
0B0B 8AC4		MREGR:	MOV	AL,AH
0B0D D0CC			ROR	AH,1
0B0F 250738			AND	AX,3807H
0B12 0AC4			OR	AL,AH
0B14 0CC0			OR	AL,0C0H
0B16 0806F91D			OR	[MODRM],AL
0B1A C3				RET
0B1B 8B26EC1D		FAIL:	MOV	SP,[STK]
0B1F FC				CLD
0B20 FF06E61D			INC	WORD PTR [ERRS]
0B24 BF8220			MOV	DI,OFFSET TEMP
0B27 32E4			XOR	AH,AH
0B29 50				PUSH	AX
0B2A D1E0			SHL	AX,1
0B2C 05D21B			ADD	AX,OFFSET ERRM
0B2F 8BF0			MOV	SI,AX
0B31 8B34			MOV	SI,[SI]
0B33 F606EA1D04			TEST	BYTE PTR [FUNC],4
0B38 7420			JZ	FAIL0
0B3A E8C4F8			CALL	CALF
0B3D 721B			JC	FAIL0
0B3F 52				PUSH	DX
0B40 56				PUSH	SI
0B41 8BF0			MOV	SI,AX
0B43 83C604			ADD	SI,4
0B46 E83C00			CALL	WRM
0B49 BE2C20			MOV	SI,202CH
0B4C 96				XCHG	AX,SI
0B4D 46				INC	SI
0B4E 46				INC	SI
0B4F AB				STOSW
0B50 AD				LODSW
0B51 E82BFC			CALL	WDA
0B54 B83A20			MOV	AX,203AH
0B57 AB				STOSW
0B58 5E				POP	SI
0B59 5A				POP	DX
0B5A E82800		FAIL0:	CALL	WRM
0B5D 58				POP	AX
0B5E BE221E			MOV	SI,OFFSET INCFILE
0B61 3C05			CMP	AL,5
0B63 7406			JZ	FAIL5
0B65 3C0B			CMP	AL,0BH
0B67 7417			JZ	FAILW
0B69 F9				STC
0B6A C3				RET	
0B6B A1FC1D		FAIL5:	MOV	AX,[IMM]
0B6E 85C0			TEST	AX,AX
0B70 7903			JNS	FAILNS
0B72 F7D8			NEG	AX
0B74 48				DEC	AX
0B75 2D7F00		FAILNS:	SUB	AX,7FH
0B78 50				PUSH	AX
0B79 E803FC			CALL	WDA
0B7C 58				POP	AX
0B7D BE741D			MOV	SI,OFFSET BYTEM
0B80 E80200		FAILW:	CALL	WRM
0B83 F9				STC
0B84 C3				RET
0B85 8A0C		WRM:	MOV	CL,[SI]
0B87 32ED			XOR	CH,CH
0B89 46				INC	SI
0B8A FC				CLD
0B8B F3A4			REPZ	MOVSB
0B8D C3				RET
0B8E E876FC		G1:	CALL	RA
0B91 E873FC			CALL	RA
0B94 E8A7FE			CALL	WA
0B97 3C11			CMP	AL,11H
0B99 7442			JZ	G1RM
0B9B 3C12			CMP	AL,12H
0B9D 7443			JZ	G1MR
0B9F 3C21			CMP	AL,21H
0BA1 743A			JZ	G1RM
0BA3 3C41			CMP	AL,41H
0BA5 7409			JZ	G1RI
0BA7 3C42			CMP	AL,42H
0BA9 7414			JZ	G1MI
0BAB 32C0			XOR	AL,AL
0BAD E96BFF			JMP	FAIL
0BB0 80E407		G1RI:	AND	AH,7
0BB3 750A			JNZ	G1MI
0BB5 A0F11D			MOV	AL,[WADJ]
0BB8 0C04			OR	AL,4
0BBA 0806F81D			OR	[OPCODE],AL
0BBE C3				RET
0BBF B080		G1MI:	MOV	AL,80H
0BC1 8606F81D			XCHG	AL,[OPCODE]
0BC5 0806F91D			OR	[MODRM],AL
0BC9 A1FC1D			MOV	AX,[IMM]
0BCC E8F0FB			CALL	AA
0BCF 7211			JC	G1MR
0BD1 8026F01DFE			AND	BYTE PTR [FLAGS],0FEH
0BD6 F606F11DFF			TEST	BYTE PTR [WADJ],0FFH
0BDB 7405			JZ	G1MR
0BDD 800EF81D02		G1RM:	OR	BYTE PTR [OPCODE],2
0BE2 A0F11D		G1MR:	MOV	AL,[WADJ]
0BE5 0806F81D			OR	[OPCODE],AL
0BE9 E99EFE			JMP	MMODRM
0BEC E818FC		G2:	CALL	RA
0BEF E84CFE			CALL	WA
0BF2 A0F81D			MOV	AL,[OPCODE]
0BF5 A2F91D			MOV	[MODRM],AL
0BF8 A0F11D			MOV	AL,[WADJ]
0BFB 0CD0			OR	AL,0D0H
0BFD A2F81D			MOV	[OPCODE],AL
0C00 E885FA			CALL	CC
0C03 7420			JZ	G2N
0C05 83FB02			CMP	BX,2
0C08 740D			JZ	G2R
0C0A E8F5FC		G2V:	CALL	RE
0C0D 3D0100			CMP	AX,1
0C10 7413			JZ	G2N
0C12 32C0			XOR	AL,AL
0C14 E904FF			JMP	FAIL
0C17 A1661C		G2R:	MOV	AX,[REGS+2]
0C1A 3B04			CMP	AX,[SI]
0C1C 75EC			JNZ	G2V
0C1E 800EF81D02			OR	BYTE PTR [OPCODE],2
0C23 03F3			ADD	SI,BX
0C25 E962FE		G2N:	JMP	MMODRM
0C28 E8DCFB		G3:	CALL	RA
0C2B 800EF81D00			OR	BYTE PTR [OPCODE],0
0C30 7503			JNZ	G3S
0C32 E8D2FB			CALL	RA
0C35 E806FE		G3S:	CALL	WA
0C38 3C01			CMP	AL,1
0C3A 7426			JZ	G3R
0C3C 3C02			CMP	AL,2
0C3E 7422			JZ	G3R
0C40 3C11			CMP	AL,11H
0C42 7415			JZ	G3RM
0C44 3C12			CMP	AL,12H
0C46 7411			JZ	G3RM
0C48 3C21			CMP	AL,21H
0C4A 740D			JZ	G3RM
0C4C 3C41			CMP	AL,41H
0C4E 740D			JZ	G3RA
0C50 3C42			CMP	AL,42H
0C52 740E			JZ	G3R
0C54 32C0			XOR	AL,AL
0C56 E9C2FE			JMP	FAIL
0C59 B484		G3RM:	MOV	AH,84H
0C5B EB07			JMP	SHORT G3E
0C5D F6C407		G3RA:	TEST	AH,7
0C60 7412			JZ	G3A
0C62 B4F6		G3R:	MOV	AH,0F6H
0C64 A0F11D		G3E:	MOV	AL,[WADJ]
0C67 0AC4			OR	AL,AH
0C69 8606F81D			XCHG	AL,[OPCODE]
0C6D 0806F91D			OR	[MODRM],AL
0C71 E916FE			JMP	MMODRM
0C74 A0F11D		G3A:	MOV	AL,[WADJ]
0C77 0CA8			OR	AL,0A8H
0C79 A2F81D			MOV	[OPCODE],AL
0C7C C3				RET
0C7D E887FB		G4:	CALL	RA
0C80 E8BBFD			CALL	WA
0C83 3C01			CMP	AL,1
0C85 740D			JZ	G4R
0C87 3C02			CMP	AL,2
0C89 741D			JZ	G4M
0C8B 3C03			CMP	AL,3
0C8D 743A			JZ	G4S
0C8F 32C0			XOR	AL,AL
0C91 E987FE			JMP	FAIL
0C94 A0F51D		G4R:	MOV	AL,[ARGS+2]
0C97 3C02			CMP	AL,2
0C99 720D			JC	G4M
0C9B A0F81D			MOV	AL,[OPCODE]
0C9E 2418			AND	AL,18H
0CA0 0C40			OR	AL,40H
0CA2 0AC4			OR	AL,AH
0CA4 A2F81D			MOV	[OPCODE],AL
0CA7 C3				RET
0CA8 A0F81D		G4M:	MOV	AL,[OPCODE]
0CAB 3C38			CMP	AL,38H
0CAD B88F00			MOV	AX,8FH
0CB0 7411			JZ	G4P
0CB2 A0F51D			MOV	AL,[ARGS+2]
0CB5 84C0			TEST	AL,AL
0CB7 A0F11D			MOV	AL,[WADJ]
0CBA 7501			JNZ	G4W
0CBC 40				INC	AX
0CBD 0CFE		G4W:	OR	AL,0FEH
0CBF 8A26F81D			MOV	AH,[OPCODE]
0CC3 A3F81D		G4P:	MOV	[OPCODE],AX
0CC6 E9C1FD			JMP	MMODRM
0CC9 49			G4S:	DEC	CX
0CCA D2E4			SHL	AH,CL
0CCC A0F81D			MOV	AL,[OPCODE]
0CCF D2E8			SHR	AL,CL
0CD1 2401			AND	AL,1
0CD3 0AC4			OR	AL,AH
0CD5 0C06			OR	AL,6
0CD7 A2F81D			MOV	[OPCODE],AL
0CDA C3				RET
0CDB E824FC		G5:	CALL	RE
0CDE 800EF01D02			OR	BYTE PTR [FLAGS],2
0CE3 F606EA1D02			TEST	BYTE PTR [FUNC],2
0CE8 7417			JZ	G5X
0CEA 2B06E01D			SUB	AX,[PC]
0CEE 2B06E81D			SUB	AX,[VORG]
0CF2 48				DEC	AX
0CF3 48				DEC	AX
0CF4 A3FC1D			MOV	[IMM],AX
0CF7 E8C5FA			CALL	AA
0CFA 7305			JNC	G5X
0CFC B005			MOV	AL,5
0CFE E91AFE			JMP	FAIL
0D01 C3			G5X:	RET
0D02 E8C7FA		G6:	CALL	SW
0D05 725B			JC	G6F8
0D07 745E			JZ	G6U
0D09 50				PUSH	AX
0D0A E8BFFA			CALL	SW
0D0D 7253			JC	G6F8
0D0F 7404			JZ	G6P
0D11 3C11			CMP	AL,11H
0D13 7543			JNZ	G6F0
0D15 58			G6P:	POP	AX
0D16 3C02			CMP	AL,2
0D18 7415			JZ	G6N
0D1A 3C03			CMP	AL,3
0D1C 740C			JZ	G6F
0D1E 3C08			CMP	AL,8
0D20 7429			JZ	G6S
0D22 3C09			CMP	AL,9
0D24 7409			JZ	G6N
0D26 3C0A			CMP	AL,0AH
0D28 752E			JNZ	G6F0
0D2A 800EF91D08		G6F:	OR	BYTE PTR [MODRM],8
0D2F E8D5FA		G6N:	CALL	RA
0D32 3C01			CMP	AL,1
0D34 7404			JZ	G6R
0D36 3C02			CMP	AL,2
0D38 751E			JNZ	G6F0
0D3A B1FF		G6R:	MOV	CL,0FFH
0D3C 860EF81D			XCHG	CL,[OPCODE]
0D40 B010			MOV	AL,10H
0D42 D2E0			SHL	AL,CL
0D44 0806F91D			OR	[MODRM],AL
0D48 E93FFD			JMP	MMODRM
0D4B B0EB		G6S:	MOV	AL,0EBH
0D4D 8606F81D			XCHG	AL,[OPCODE]
0D51 84C0			TEST	AL,AL
0D53 7408			JZ	G6F1
0D55 E983FF			JMP	G5
0D58 32C0		G6F0:	XOR	AL,AL
0D5A E9BEFD			JMP	FAIL
0D5D B001		G6F1:	MOV	AL,1
0D5F E9B9FD			JMP	FAIL
0D62 B008		G6F8:	MOV	AL,8
0D64 E9B4FD			JMP	FAIL
0D67 E89DFA		G6U:	CALL	RA
0D6A 3C01			CMP	AL,1
0D6C 74CC			JZ	G6R
0D6E 3C02			CMP	AL,2
0D70 74C8			JZ	G6R
0D72 3C04			CMP	AL,4
0D74 75E2			JNZ	G6F0
0D76 E80FF9			CALL	CC
0D79 751C			JNZ	G6IF
0D7B A1FC1D			MOV	AX,[IMM]
0D7E 2B06E01D			SUB	AX,[PC]
0D82 2B06E81D			SUB	AX,[VORG]
0D86 2D0300			SUB	AX,3
0D89 A3FC1D			MOV	[IMM],AX
0D8C 800EF01D03			OR	BYTE PTR [FLAGS],3
0D91 800EF81DE8			OR	BYTE PTR [OPCODE],0E8H
0D96 C3				RET
0D97 3C3A		G6IF:	CMP	AL,3AH
0D99 75C2			JNZ	G6F1
0D9B 46				INC	SI
0D9C 33C0			XOR	AX,AX
0D9E 8706FC1D			XCHG	AX,[IMM]
0DA2 50				PUSH	AX
0DA3 E85CFB			CALL	RE
0DA6 A3FA1D			MOV	[DISP],AX
0DA9 8F06FC1D			POP	WORD PTR [IMM]
0DAD 800EF01D0F			OR	BYTE PTR [FLAGS],0FH
0DB2 A0F81D			MOV	AL,[OPCODE]
0DB5 84C0			TEST	AL,AL
0DB7 7406			JZ	G6I
0DB9 C606F81DEA			MOV	BYTE PTR [OPCODE],0EAH
0DBE C3				RET
0DBF C606F81D9A		G6I:	MOV	BYTE PTR [OPCODE],9AH
0DC4 C3				RET
0DC5 E8C0F8		G7:	CALL	CC
0DC8 750C			JNZ	G7A
0DCA B80A00			MOV	AX,0AH
0DCD A3FC1D			MOV	[IMM],AX
0DD0 800EF01D02		G7B:	OR	BYTE PTR [FLAGS],2
0DD5 C3				RET
0DD6 E829FB		G7A:	CALL	RE
0DD9 84E4			TEST	AH,AH
0DDB 74F3			JZ	G7B
0DDD B007			MOV	AL,7
0DDF E939FD			JMP	FAIL
0DE2 E822FA		G8:	CALL	RA
0DE5 E81FFA			CALL	RA
0DE8 3C21			CMP	AL,21H
0DEA 7530			JNZ	G8F
0DEC E99BFC			JMP	MMODRM
0DEF E815FA		G9:	CALL	RA
0DF2 E812FA			CALL	RA
0DF5 E846FC			CALL	WA
0DF8 3C11			CMP	AL,11H
0DFA 743A			JZ	G9RM
0DFC 3C12			CMP	AL,12H
0DFE 7459			JZ	G9MR
0E00 3C13			CMP	AL,13H
0E02 746A			JZ	G9SR
0E04 3C21			CMP	AL,21H
0E06 742E			JZ	G9RM
0E08 3C23			CMP	AL,23H
0E0A 7462			JZ	G9SR
0E0C 3C31			CMP	AL,31H
0E0E 745A			JZ	G9RS
0E10 3C32			CMP	AL,32H
0E12 7456			JZ	G9RS
0E14 3C41			CMP	AL,41H
0E16 7409			JZ	G9RI
0E18 3C42			CMP	AL,42H
0E1A 7413			JZ	G9MI
0E1C 32C0		G8F:	XOR	AL,AL
0E1E E9FAFC			JMP	FAIL
0E21 A0F11D		G9RI:	MOV	AL,[WADJ]
0E24 49				DEC	CX
0E25 D2E0			SHL	AL,CL
0E27 0AC4			OR	AL,AH
0E29 0CB0			OR	AL,0B0H
0E2B A2F81D			MOV	[OPCODE],AL
0E2E C3				RET
0E2F A0F11D		G9MI:	MOV	AL,[WADJ]
0E32 0CC6			OR	AL,0C6H
0E34 EB3A			JMP	SHORT G9E
0E36 B002		G9RM:	MOV	AL,2
0E38 80FCE0			CMP	AH,0E0H
0E3B 7523			JNZ	G9NA
0E3D 3402		G9A:	XOR	AL,2
0E3F 0CA0			OR	AL,0A0H
0E41 0A06F11D			OR	AL,[WADJ]
0E45 A2F81D			MOV	[OPCODE],AL
0E48 A0F01D			MOV	AL,[FLAGS]
0E4B 24E3			AND	AL,0E3H
0E4D 0C03			OR	AL,3
0E4F A2F01D			MOV	[FLAGS],AL
0E52 A1FA1D			MOV	AX,[DISP]
0E55 A3FC1D			MOV	[IMM],AX
0E58 C3				RET
0E59 32C0		G9MR:	XOR	AL,AL
0E5B 80FC0E			CMP	AH,0EH
0E5E 74DD			JZ	G9A
0E60 0A06F11D		G9NA:	OR	AL,[WADJ]
0E64 0A06F81D			OR	AL,[OPCODE]
0E68 EB06			JMP	SHORT G9E
0E6A B08C		G9RS:	MOV	AL,8CH
0E6C EB02			JMP	SHORT G9E
0E6E B08E		G9SR:	MOV	AL,8EH
0E70 A2F81D		G9E:	MOV	[OPCODE],AL
0E73 E914FC			JMP	MMODRM
0E76 E80FF8		G0AH:	CALL	CC
0E79 7406			JZ	G0
0E7B E8B5F7			CALL	OUTW
0E7E E91BF7			JMP	ASML
0E81 C3			G0:	RET
0E82 800EF81D08		G0BH2:	OR	BYTE PTR [OPCODE],8
0E87 E842F9		G0BH:	CALL	SW
0E8A 7216			JC	G0BH0
0E8C 7408			JZ	G0BH1
0E8E 3C09			CMP	AL,9
0E90 74F5			JZ	G0BH
0E92 3C0A			CMP	AL,10
0E94 74EC			JZ	G0BH2
0E96 E869FA		G0BH1:	CALL	RE
0E99 800EF01D03			OR	BYTE PTR [FLAGS],3
0E9E FE0EF81D			DEC	BYTE PTR [OPCODE]
0EA2 C3			G0BH0:	RET
0EA3 E85CFA		G0CH:	CALL	RE
0EA6 3D0300			CMP	AX,3
0EA9 740A			JZ	G0CH3
0EAB 0AE4			OR	AH,AH
0EAD 750B			JNZ	G0CHF
0EAF 800EF01D02			OR	BYTE PTR [FLAGS],2
0EB4 C3				RET
0EB5 FE0EF81D		G0CH3:	DEC	BYTE PTR [OPCODE]
0EB9 C3				RET
0EBA B007		G0CHF:	MOV	AL,7
0EBC E95CFC			JMP	FAIL
0EBF 56			G0DH:	PUSH	SI
0EC0 8BF5			MOV	SI,BP
0EC2 E8C3F7			CALL	CC
0EC5 BF0222			MOV	DI,OFFSET SYMBS
0EC8 E88FF8			CALL	SL
0ECB 5E				POP	SI
0ECC 57				PUSH	DI
0ECD E832FA			CALL	RE
0ED0 5F				POP	DI
0ED1 AB				STOSW
0ED2 32C0			XOR	AL,AL
0ED4 A2F01D			MOV	[FLAGS],AL
0ED7 C3				RET
0ED8 E82CF9		G0EH:	CALL	RA
0EDB E829F9			CALL	RA
0EDE 3C14			CMP	AL,14H
0EE0 7409			JZ	G0EHRM
0EE2 3C24			CMP	AL,24H
0EE4 7405			JZ	G0EHRM
0EE6 32C0			XOR	AL,AL
0EE8 E930FC			JMP	FAIL
0EEB A1FC1D		G0EHRM:	MOV	AX,[IMM]
0EEE 3D3F00			CMP	AX,3FH
0EF1 7716			JA	G0EHF
0EF3 8AE0			MOV	AH,AL
0EF5 49				DEC	CX
0EF6 D2C8			ROR	AL,CL
0EF8 250707			AND	AX,707H
0EFB D2C4			ROL	AH,CL
0EFD 0906F81D			OR	[OPCODE],AX
0F01 8026F01DFC			AND	BYTE PTR [FLAGS],0FCH
0F06 E981FB			JMP	MMODRM
0F09 B007		G0EHF:	MOV	AL,7
0F0B E90DFC			JMP	FAIL
0F0E 32C0		G0FH:	XOR	AL,AL
0F10 A2F01D			MOV	[FLAGS],AL
0F13 F606EA1D04			TEST	BYTE PTR [FUNC],4
0F18 7501			JNZ	G0FH1
0F1A C3				RET
0F1B E86AF7		G0FH1:	CALL	CC
0F1E 7428			JZ	G0FHF8
0F20 3C22			CMP	AL,22H
0F22 7404			JZ	G0FHQ
0F24 3C27			CMP	AL,27H
0F26 750A			JNZ	G0FHG
0F28 46			G0FHQ:	INC	SI
0F29 83EB02			SUB	BX,2
0F2C 761A			JNA	G0FHF8
0F2E 32C0			XOR	AL,AL
0F30 8800			MOV	[BX+SI],AL
0F32 BF221E		G0FHG:	MOV	DI,OFFSET INCFILE
0F35 E814F3			CALL	GETFN
0F38 56				PUSH	SI
0F39 BE221E			MOV	SI,OFFSET INCFILE
0F3C E8DEF4			CALL	INCF
0F3F 5E				POP	SI
0F40 7201			JC	G0FHF
0F42 C3				RET
0F43 B00B		G0FHF:	MOV	AL,0BH
0F45 E9D3FB			JMP	FAIL
0F48 B008		G0FHF8:	MOV	AL,8
0F4A E9CEFB			JMP	FAIL
0F4D E8B7F8		G10H:	CALL	RA
0F50 E8B4F8			CALL	RA
0F53 E8E8FA			CALL	WA
0F56 3C11			CMP	AL,11H
0F58 740D			JZ	G10HR
0F5A 3C12			CMP	AL,12H
0F5C 741A			JZ	G10HM
0F5E 3C21			CMP	AL,21H
0F60 7416			JZ	G10HM
0F62 32C0			XOR	AL,AL
0F64 E9B4FB			JMP	FAIL
0F67 A0F11D		G10HR:	MOV	AL,[WADJ]
0F6A A8FF			TEST	AL,0FFH
0F6C 740A			JZ	G10HM
0F6E 8AC4			MOV	AL,AH
0F70 A80F			TEST	AL,0FH
0F72 740F			JZ	G10HAR
0F74 A8F0			TEST	AL,0F0H
0F76 740D			JZ	G10HRA
0F78 A0F11D		G10HM:	MOV	AL,[WADJ]
0F7B 0C86			OR	AL,86H
0F7D A2F81D			MOV	[OPCODE],AL
0F80 E907FB			JMP	MMODRM
0F83 D2E8		G10HAR:	SHR	AL,CL
0F85 0C90		G10HRA:	OR	AL,90H
0F87 A2F81D			MOV	[OPCODE],AL
0F8A C3				RET
0F8B E879F8		G11H:	CALL	RA
0F8E E876F8			CALL	RA
0F91 8026F01DFE			AND	BYTE PTR [FLAGS],0FEH
0F96 8A2EF51D			MOV	CH,[ARGS+2]
0F9A 3C41			CMP	AL,41H
0F9C 741A			JZ	G11HI
0F9E 3C14			CMP	AL,14H
0FA0 7414			JZ	G11HO
0FA2 800EF81D08			OR	BYTE PTR [OPCODE],8
0FA7 3D1120			CMP	AX,2011H
0FAA 740C			JZ	G11HI
0FAC 3D1102			CMP	AX,211H
0FAF 7405			JZ	G11HO
0FB1 32C0		G11HF:	XOR	AL,AL
0FB3 E965FB			JMP	FAIL
0FB6 D2ED		G11HO:	SHR	CH,CL
0FB8 8AC5		G11HI:	MOV	AL,CH
0FBA 240F			AND	AL,0FH
0FBC 3C02			CMP	AL,2
0FBE 7204			JC	G11H0
0FC0 FE06F81D			INC	BYTE PTR [OPCODE]
0FC4 C3			G11H0:	RET
0FC5 F606EA1D04		G12H:	TEST	BYTE PTR [FUNC],4
0FCA 7407			JZ	G12H0
0FCC 8B26EE1D			MOV	SP,[STK+2]
0FD0 E982F3			JMP	ASMF0
0FD3 C3			G12H0:	RET
0FD4 E82BF9		G13H:	CALL	RE
0FD7 A3E81D			MOV	[VORG],AX
0FDA 32C0			XOR	AL,AL
0FDC A2F01D			MOV	[FLAGS],AL
0FDF C3				RET
0FE0 33C0		G14H:	XOR	AX,AX
0FE2 8BE8			MOV	BP,AX
0FE4 A2F01D			MOV	[FLAGS],AL
0FE7 BF8321			MOV	DI,OFFSET OUTPUT+1
0FEA FC			G14HL:	CLD
0FEB E89AF6			CALL	CC
0FEE 746B			JZ	G14H0
0FF0 3C3F			CMP	AL,3FH
0FF2 7458			JZ	G14HU
0FF4 E87500			CALL	G14HS
0FF7 3C22			CMP	AL,22H
0FF9 7434			JZ	G14HQ
0FFB 3C27			CMP	AL,27H
0FFD 7430			JZ	G14HQ
0FFF 57				PUSH	DI
1000 E8FFF8			CALL	RE
1003 5F				POP	DI
1004 33C0			XOR	AX,AX
1006 8706FC1D			XCHG	AX,[IMM]
100A 8A0EF81D			MOV	CL,[OPCODE]
100E 49				DEC	CX
100F 7503			JNZ	G14HNZ
1011 E8D6F7			CALL	SIZAL
1014 BA0100		G14HNZ:	MOV	DX,1
1017 D3E2			SHL	DX,CL
1019 AA				STOSB
101A 84C9			TEST	CL,CL
101C 7403			JZ	G14HB
101E 8AC4			MOV	AL,AH
1020 AA				STOSB
1021 83EA02		G14HB:	SUB	DX,2
1024 76C4			JNA	G14HL
1026 8BCA			MOV	CX,DX
1028 D0D4			RCL	AH,1
102A D6				SALC
102B F3AA			REPZ	STOSB
102D EBBB			JMP	SHORT G14HL
102F 803EF81D01		G14HQ:	CMP	BYTE PTR [OPCODE],1
1034 7711			JA	G14HF
1036 8AE0			MOV	AH,AL
1038 8BCB			MOV	CX,BX
103A 83E902			SUB	CX,2
103D 7608			JNA	G14HF
103F 46				INC	SI
1040 F3A4			REPZ	MOVSB
1042 AC				LODSB
1043 3AC4			CMP	AL,AH
1045 74A3			JZ	G14HL
1047 B001		G14HF:	MOV	AL,1
1049 E9CFFA			JMP	FAIL
104C 8A0EF81D		G14HU:	MOV	CL,[OPCODE]
1050 B80100			MOV	AX,1
1053 49				DEC	CX
1054 D3E0			SHL	AX,CL
1056 03E8			ADD	BP,AX
1058 46				INC	SI
1059 EB8F			JMP	SHORT G14HL
105B 8BC7		G14H0:	MOV	AX,DI
105D 2D8321			SUB	AX,OFFSET OUTPUT+1
1060 A28221			MOV	[OUTPUT],AL
1063 012EE41D			ADD	[USIZE],BP
1067 012EE01D			ADD	[PC],BP
106B C3				RET
106C 33C9		G14HS:	XOR	CX,CX
106E 87CD			XCHG	CX,BP
1070 E306			JCXZ	G14HS0
1072 50				PUSH	AX
1073 32C0			XOR	AL,AL
1075 F3AA			REPZ	STOSB
1077 58				POP	AX
1078 C3			G14HS0:	RET
1079 E80CF6		G16H:	CALL	CC
107C 3C3A			CMP	AL,3AH
107E 7507			JNZ	G16H1
1080 46				INC	SI
1081 8026F01DDF			AND	BYTE PTR [FLAGS],0DFH
1086 C3				RET
1087 E878F8		G16H1:	CALL	RE
108A 0106E41D			ADD	[USIZE],AX
108E 0106E01D			ADD	[PC],AX
1092 32C0			XOR	AL,AL
1094 A2F01D			MOV	[FLAGS],AL
1097 C3				RET
1098 A1E01D		G17H:	MOV	AX,[PC]
109B 2401			AND	AL,1
109D 7503			JNZ	G17H0
109F A2F01D			MOV	[FLAGS],AL
10A2 C3			G17H0:	RET
10A3 8AE0		HALX:	MOV	AH,AL
10A5 D0EC			SHR	AH,1
10A7 D0EC			SHR	AH,1
10A9 D0EC			SHR	AH,1
10AB D0EC			SHR	AH,1
10AD 240F			AND	AL,0FH
10AF 3C0A			CMP	AL,0AH
10B1 7202			JC	HALX1
10B3 0407			ADD	AL,7
10B5 86C4		HALX1:	XCHG	AL,AH
10B7 3C0A			CMP	AL,0AH
10B9 7202			JC	HALX2
10BB 0407			ADD	AL,7
10BD 053030		HALX2:	ADD	AX,3030H
10C0 AB				STOSW
10C1 C3				RET
10C2 803EF81DEB		RELBD:	CMP	BYTE PTR [OPCODE],0EBH
10C7 750B			JNZ	NOTJMP
10C9 56				PUSH	SI
10CA BE6317			MOV	SI,OFFSET _SHORT+1
10CD A5				MOVSW
10CE A5				MOVSW
10CF A4				MOVSB
10D0 5E				POP	SI
10D1 B020			MOV	AL,20H
10D3 AA				STOSB
10D4 B8242B		NOTJMP:	MOV	AX,2B24H
10D7 AB				STOSW
10D8 AC				LODSB
10D9 0402			ADD	AL,2
10DB 7901			JNS	RELBNM
10DD 4F				DEC	DI
10DE 98			RELBNM:	CBW
10DF 85C0		WHAS:	TEST	AX,AX
10E1 7906			JNS	WHA
10E3 F7D8			NEG	AX
10E5 C6052D			MOV	BYTE PTR [DI],2DH
10E8 47				INC	DI
10E9 56			WHA:	PUSH	SI
10EA 50				PUSH	AX
10EB B91000			MOV	CX,16
10EE E891F6			CALL	WN
10F1 58				POP	AX
10F2 5E				POP	SI
10F3 3D0900			CMP	AX,9
10F6 7603			JNA	WHA0
10F8 B048			MOV	AL,48H
10FA AA				STOSB
10FB C3			WHA0:	RET
10FC FC			WREG:	CLD
10FD 56				PUSH	SI
10FE 8BF0			MOV	SI,AX
1100 D1EE			SHR	SI,1
1102 D1EE			SHR	SI,1
1104 83E60E			AND	SI,0EH
1107 81C6641C			ADD	SI,OFFSET REGS
110B 0336F11D			ADD	SI,[WADJ]
110F A5				MOVSW
1110 5E				POP	SI
1111 C3				RET
1112 A0F81D		PSRD:	MOV	AL,[OPCODE]
1115 D0E8		WSR:	SHR	AL,1
1117 D0E8			SHR	AL,1
1119 250600			AND	AX,6
111C 05841C			ADD	AX,OFFSET REGS+20H
111F 96				XCHG	AX,SI
1120 A5				MOVSW
1121 96				XCHG	AX,SI
1122 C3				RET
1123 FC			WSPR:	CLD
1124 32C0			XOR	AL,AL
1126 8606F71D			XCHG	AL,[SEGPREF]
112A 84C0			TEST	AL,AL
112C 7406			JZ	WSPR0
112E E8E4FF			CALL	WSR
1131 B03A			MOV	AL,3AH
1133 AA				STOSB
1134 C3			WSPR0:	RET
1135 32D2		LSPR:	XOR	DL,DL
1137 8616F71D			XCHG	DL,[SEGPREF]
113B 84D2			TEST	DL,DL
113D 7449			JZ	LSPR0
113F FC				CLD
1140 57				PUSH	DI
1141 BF8320			MOV	DI,OFFSET TEMP+1
1144 B009			MOV	AL,9
1146 AA				STOSB
1147 8AC2			MOV	AL,DL
1149 E8C9FF			CALL	WSR
114C B03A			MOV	AL,3AH
114E AA				STOSB
114F BD8320			MOV	BP,OFFSET TEMP+1
1152 E8E500			CALL	TABS
1155 A1E01D			MOV	AX,[PC]
1158 0306E81D			ADD	AX,[VORG]
115C 50				PUSH	AX
115D 8AC4			MOV	AL,AH
115F E841FF			CALL	HALX
1162 58				POP	AX
1163 E83DFF			CALL	HALX
1166 B020			MOV	AL,20H
1168 AA				STOSB
1169 8AC2			MOV	AL,DL
116B E835FF			CALL	HALX
116E B80D0A			MOV	AX,0A0DH
1171 AB				STOSW
1172 59				POP	CX
1173 56				PUSH	SI
1174 BE8321			MOV	SI,OFFSET OUTPUT+1
1177 2BCE			SUB	CX,SI
1179 F3A4			REPZ	MOVSB
117B 8BCF			MOV	CX,DI
117D BE8320			MOV	SI,OFFSET TEMP+1
1180 2BCE			SUB	CX,SI
1182 BF8321			MOV	DI,OFFSET OUTPUT+1
1185 F3A4			REPZ	MOVSB
1187 5E				POP	SI
1188 C3			LSPR0:	RET
1189 56			GRP:	PUSH	SI
118A 8A04			MOV	AL,[SI]
118C D0E8			SHR	AL,1
118E D0E8			SHR	AL,1
1190 250E00			AND	AX,0EH
1193 03C2			ADD	AX,DX
1195 8BF0			MOV	SI,AX
1197 8B34			MOV	SI,[SI]
1199 E8E9F9			CALL	WRM
119C 5E				POP	SI
119D B009			MOV	AL,9
119F AA				STOSB
11A0 AC				LODSB
11A1 3CC0		WPTR:	CMP	AL,0C0H
11A3 731C			JNC	WDISP
11A5 50				PUSH	AX
11A6 56				PUSH	SI
11A7 BEA717			MOV	SI,OFFSET _WORD+1
11AA F606F11DFF			TEST	BYTE PTR [WADJ],0FFH
11AF 7503			JNZ	WSELF
11B1 BE8E14			MOV	SI,OFFSET _BYTE+1
11B4 A5			WSELF:	MOVSW
11B5 A5				MOVSW
11B6 BED616			MOV	SI,OFFSET _PTR+1
11B9 B020			MOV	AL,20H
11BB AA				STOSB
11BC A5				MOVSW
11BD A4				MOVSB
11BE AA				STOSB
11BF 5E				POP	SI
11C0 58				POP	AX
11C1 3CC0		WDISP:	CMP	AL,0C0H
11C3 7213			JC	WDRM
11C5 56				PUSH	SI
11C6 8BF0			MOV	SI,AX
11C8 83E607			AND	SI,7
11CB D1E6			SHL	SI,1
11CD 81C6641C			ADD	SI,OFFSET REGS
11D1 0336F11D			ADD	SI,[WADJ]
11D5 A5				MOVSW
11D6 5E				POP	SI
11D7 C3				RET
11D8 50			WDRM:	PUSH	AX
11D9 E847FF			CALL	WSPR
11DC B05B			MOV	AL,5BH
11DE AA				STOSB
11DF 58				POP	AX
11E0 50				PUSH	AX
11E1 24C7			AND	AL,0C7H
11E3 3C06			CMP	AL,6
11E5 7506			JNZ	WDR
11E7 AD				LODSW
11E8 E8FEFE			CALL	WHA
11EB EB48			JMP	SHORT WDX
11ED 56			WDR:	PUSH	SI
11EE BB5C1C			MOV	BX,OFFSET _DISP
11F1 2407			AND	AL,7
11F3 D7				XLATB
11F4 8AE0			MOV	AH,AL
11F6 250FF0			AND	AX,0F00FH
11F9 D0EC			SHR	AH,1
11FB D0EC			SHR	AH,1
11FD D0EC			SHR	AH,1
11FF D0E0			SHL	AL,1
1201 33D2			XOR	DX,DX
1203 86D4			XCHG	DL,AH
1205 05641C			ADD	AX,OFFSET REGS
1208 8BF0			MOV	SI,AX
120A A5				MOVSW
120B 84D2			TEST	DL,DL
120D 7409			JZ	WD1R
120F B02B			MOV	AL,2BH
1211 AA				STOSB
1212 BE641C			MOV	SI,OFFSET REGS
1215 03F2			ADD	SI,DX
1217 A5				MOVSW
1218 5E			WD1R:	POP	SI
1219 58				POP	AX
121A 50				PUSH	AX
121B 3C40			CMP	AL,40H
121D 7216			JC	WDX
121F 3C80			CMP	AL,80H
1221 7203			JC	WDD8
1223 AD				LODSW
1224 EB02			JMP	SHORT WDD
1226 AC			WDD8:	LODSB
1227 98				CBW
1228 85C0		WDD:	TEST	AX,AX
122A 7806			JS	WDM
122C 7407			JZ	WDX
122E C6052B			MOV	BYTE PTR [DI],2BH
1231 47				INC	DI
1232 E8AAFE		WDM:	CALL	WHAS
1235 B05D		WDX:	MOV	AL,5DH
1237 AA				STOSB
1238 58				POP	AX
1239 C3				RET
123A FC			TABS:	CLD
123B 56				PUSH	SI
123C 8BF5			MOV	SI,BP
123E 8BCF			MOV	CX,DI
1240 2BCD			SUB	CX,BP
1242 7628			JNA	TABS0
1244 32E4			XOR	AH,AH
1246 AC			TABS1:	LODSB
1247 3C09			CMP	AL,9
1249 750A			JNZ	TABS2
124B 8AC4			MOV	AL,AH
124D 2407			AND	AL,7
124F 34FF			XOR	AL,0FFH
1251 0408			ADD	AL,8
1253 02E0			ADD	AH,AL
1255 FEC4		TABS2:	INC	AH
1257 E2ED			LOOP	TABS1
1259 B009		TABS3:	MOV	AL,9
125B B105			MOV	CL,5
125D D0EC			SHR	AH,1
125F D0EC			SHR	AH,1
1261 D0EC			SHR	AH,1
1263 2ACC			SUB	CL,AH
1265 7602			JNA	TABS4
1267 F3AA			REPZ	STOSB
1269 B03B		TABS4:	MOV	AL,3BH
126B AA				STOSB
126C 5E			TABS0:	POP	SI
126D C3				RET
126E 4F			SINGD:	DEC	DI
126F C3				RET
1270 A0F81D		SPREFD:	MOV	AL,[OPCODE]
1273 A2F71D			MOV	[SEGPREF],AL
1276 4F				DEC	DI
1277 E9CCF2			JMP	DSAS
127A BD8321		ENDL:	MOV	BP,OFFSET OUTPUT+1
127D E8BAFF			CALL	TABS
1280 A1E01D			MOV	AX,[PC]
1283 8BEE			MOV	BP,SI
1285 BE0321			MOV	SI,OFFSET INPUT+1
1288 2BEE			SUB	BP,SI
128A F606F71DFF			TEST	BYTE PTR [SEGPREF],0FFH
128F 7403			JZ	SKSPR
1291 40				INC	AX
1292 46				INC	SI
1293 4D				DEC	BP
1294 A3E21D		SKSPR:	MOV	[PC+2],AX
1297 E839F1			CALL	LLWB
129A B80D0A			MOV	AX,0A0DH
129D AB				STOSW
129E C3				RET
129F 32C0		ACCID:	XOR	AL,AL
12A1 E858FE			CALL	WREG
12A4 E95601			JMP	G03DT
12A7 AC			MRD:	LODSB
12A8 50				PUSH	AX
12A9 E815FF			CALL	WDISP
12AC B02C			MOV	AL,2CH
12AE AA				STOSB
12AF 58				POP	AX
12B0 E949FE			JMP	WREG
12B3 B010		RWMD:	MOV	AL,10H
12B5 A2F11D			MOV	[WADJ],AL
12B8 AC			RMD:	LODSB
12B9 E840FE			CALL	WREG
12BC 50				PUSH	AX
12BD B02C			MOV	AL,2CH
12BF AA				STOSB
12C0 58				POP	AX
12C1 E9FDFE			JMP	WDISP
12C4 B010		MSD:	MOV	AL,10H
12C6 A2F11D			MOV	[WADJ],AL
12C9 AC				LODSB
12CA 50				PUSH	AX
12CB E8F3FE			CALL	WDISP
12CE B02C			MOV	AL,2CH
12D0 AA				STOSB
12D1 58				POP	AX
12D2 E940FE			JMP	WSR
12D5 B010		SMD:	MOV	AL,10H
12D7 A2F11D			MOV	[WADJ],AL
12DA AC				LODSB
12DB 50				PUSH	AX
12DC E836FE			CALL	WSR
12DF B02C			MOV	AL,2CH
12E1 AA				STOSB
12E2 58				POP	AX
12E3 E9DBFE			JMP	WDISP
12E6 A1741C		ACCRD:	MOV	AX,[REGS+10H]
12E9 AB				STOSW
12EA B02C			MOV	AL,2CH
12EC AA				STOSB
12ED B010		REGWD:	MOV	AL,10H
12EF A2F11D			MOV	[WADJ],AL
12F2 A0F81D			MOV	AL,[OPCODE]
12F5 0CC0			OR	AL,0C0H
12F7 E9C7FE			JMP	WDISP
12FA 32C0		ACCMD:	XOR	AL,AL
12FC E8FDFD			CALL	WREG
12FF B02C			MOV	AL,2CH
1301 AA				STOSB
1302 E81EFE			CALL	WSPR
1305 B05B			MOV	AL,5BH
1307 AA				STOSB
1308 AD				LODSW
1309 E8DDFD			CALL	WHA
130C B05D			MOV	AL,5DH
130E AA				STOSB
130F C3				RET
1310 E810FE		MACCD:	CALL	WSPR
1313 B05B			MOV	AL,5BH
1315 AA				STOSB
1316 AD				LODSW
1317 E8CFFD			CALL	WHA
131A B85D2C			MOV	AX,2C5DH
131D AB				STOSW
131E 32C0			XOR	AL,AL
1320 E9D9FD			JMP	WREG
1323 AC			RMID:	LODSB
1324 E87AFE			CALL	WPTR
1327 E9D300			JMP	G03DT
132A A0F81D		RIMMD:	MOV	AL,[OPCODE]
132D 56				PUSH	SI
132E 250F00			AND	AX,0FH
1331 D0E0			SHL	AL,1
1333 50				PUSH	AX
1334 05641C			ADD	AX,OFFSET REGS
1337 8BF0			MOV	SI,AX
1339 A5				MOVSW
133A 58				POP	AX
133B 2410			AND	AL,10H
133D 5E				POP	SI
133E A2F11D			MOV	[WADJ],AL
1341 E9B900			JMP	G03DT
1344 B8242B		RELWD:	MOV	AX,2B24H
1347 AB				STOSW
1348 AD				LODSW
1349 050300			ADD	AX,3
134C 7901			JNS	RELWNM
134E 4F				DEC	DI
134F E98DFD		RELWNM:	JMP	WHAS
1352 AC			AAMD:	LODSB
1353 3C0A			CMP	AL,0AH
1355 7405			JZ	AAMD0
1357 32E4			XOR	AH,AH
1359 E88DFD			CALL	WHA
135C C3			AAMD0:	RET
135D A0F81D		ESCD:	MOV	AL,[OPCODE]
1360 8A24			MOV	AH,[SI]
1362 B103			MOV	CL,3
1364 D2CC			ROR	AH,CL
1366 250707			AND	AX,707H
1369 D2C0			ROL	AL,CL
136B 0AC4			OR	AL,AH
136D 32E4			XOR	AH,AH
136F E877FD			CALL	WHA
1372 B02C			MOV	AL,2CH
1374 AA				STOSB
1375 AC				LODSB
1376 E948FE			JMP	WDISP
1379 AC			INTD:	LODSB
137A 32E4			XOR	AH,AH
137C E96AFD			JMP	WHA
137F B033		INT3D:	MOV	AL,33H
1381 AA				STOSB
1382 C3				RET
1383 56			RETFD:	PUSH	SI
1384 BE2315			MOV	SI,OFFSET _FAR+1
1387 A5				MOVSW
1388 A4				MOVSB
1389 5E				POP	SI
138A F606F81D01			TEST	BYTE PTR [OPCODE],1
138F 7507			JNZ	NORET
1391 B020			MOV	AL,20H
1393 AA				STOSB
1394 AD			RETD:	LODSW
1395 E851FD			CALL	WHA
1398 C3			NORET:	RET
1399 A1F11D		ADIOD:	MOV	AX,[WADJ]
139C 05641C			ADD	AX,OFFSET REGS
139F 56				PUSH	SI
13A0 8BF0			MOV	SI,AX
13A2 AD				LODSW
13A3 5E				POP	SI
13A4 8B16781C			MOV	DX,[REGS+14H]
13A8 F606F81D02			TEST	BYTE PTR [OPCODE],2
13AD 7401			JZ	ADIOD0
13AF 92				XCHG	AX,DX
13B0 AB			ADIOD0:	STOSW
13B1 B02C			MOV	AL,2CH
13B3 AA				STOSB
13B4 8BC2			MOV	AX,DX
13B6 AB				STOSW
13B7 C3				RET
13B8 AC			IBAPD:	LODSB
13B9 32E4			XOR	AH,AH
13BB E82BFD			CALL	WHA
13BE B02C			MOV	AL,2CH
13C0 AA				STOSB
13C1 B0C0			MOV	AL,0C0H
13C3 E9FBFD			JMP	WDISP
13C6 AD			SEGOFD:	LODSW
13C7 50				PUSH	AX
13C8 AD				LODSW
13C9 E81DFD			CALL	WHA
13CC B03A			MOV	AL,3AH
13CE AA				STOSB
13CF 58				POP	AX
13D0 E916FD			JMP	WHA
13D3 BA2C1C		G02D:	MOV	DX,OFFSET _G02D
13D6 E8B0FD			CALL	GRP
13D9 B02C			MOV	AL,2CH
13DB AA				STOSB
13DC F606F81D02			TEST	BYTE PTR [OPCODE],2
13E1 7405			JZ	G02D1
13E3 A1661C			MOV	AX,[REGS+2]
13E6 AB				STOSW
13E7 C3				RET
13E8 B031		G02D1:	MOV	AL,31H
13EA AA				STOSB
13EB C3				RET
13EC BA3C1C		G03D:	MOV	DX,OFFSET _G03D
13EF E897FD			CALL	GRP
13F2 A830			TEST	AL,30H
13F4 7407			JZ	G03DT
13F6 C3				RET
13F7 BA1C1C		G01D:	MOV	DX,OFFSET _G01D
13FA E88CFD			CALL	GRP
13FD B02C		G03DT:	MOV	AL,2CH
13FF AA				STOSB
1400 98				CBW
1401 AC				LODSB
1402 F606F11DFF			TEST	BYTE PTR [WADJ],0FFH
1407 740A			JZ	G03D0
1409 98				CBW
140A 803EF81D83			CMP	BYTE PTR [OPCODE],83H
140F 7402			JZ	G03D0
1411 4E				DEC	SI
1412 AD				LODSW
1413 E9D3FC		G03D0:	JMP	WHA
1416 56			G04D:	PUSH	SI
1417 AC				LODSB
1418 D0E8			SHR	AL,1
141A D0E8			SHR	AL,1
141C 250E00			AND	AX,0EH
141F 50				PUSH	AX
1420 054C1C			ADD	AX,OFFSET _G04D
1423 8BF0			MOV	SI,AX
1425 8B34			MOV	SI,[SI]
1427 E85BF7			CALL	WRM
142A B009			MOV	AL,9
142C AA				STOSB
142D 58				POP	AX
142E 5E				POP	SI
142F D0E8			SHR	AL,1
1431 3C07			CMP	AL,7
1433 7424			JZ	INVD
1435 3C05			CMP	AL,5
1437 7410			JZ	G04DF
1439 3C04			CMP	AL,4
143B 7418			JZ	DISPD
143D 3C03			CMP	AL,3
143F 7408			JZ	G04DF
1441 3C02			CMP	AL,2
1443 7410			JZ	DISPD
1445 AC				LODSB
1446 E958FD			JMP	WPTR
1449 8A04		G04DF:	MOV	AL,[SI]
144B 56				PUSH	SI
144C BE2315			MOV	SI,OFFSET _FAR+1
144F B020			MOV	AL,20H
1451 A5				MOVSW
1452 A4				MOVSB
1453 AA				STOSB
1454 5E				POP	SI
1455 AC			DISPD:	LODSB
1456 E968FD			JMP	WDISP
1459 A0F81D		INVD:	MOV	AL,[OPCODE]
145C 32E4			XOR	AH,AH
145E E988FC			JMP	WHA
1461 8600		I8086	DW	134
1463 034141413700	_AAA	DB	3,"AAA",37H,0
1469 03414144D507	_AAD	DB	3,"AAD",0D5H,7
146F 0341414DD407	_AAM	DB	3,"AAM",0D4H,7
1475 034141533F00	_AAS	DB	3,"AAS",3FH,0
147B 034144431001	_ADC	DB	3,"ADC",10H,1
1481 034144440001	_ADD	DB	3,"ADD",0,1
1487 03414E442001	_AND	DB	3,"AND",20H,1
148D 04425954450115	_BYTE	DB	4,"BYTE",1,15H
1494 0443414C4C0006	_CALL	DB	4,"CALL",0,6
149B 034342579800	_CBW	DB	3,"CBW",98H,0
14A1 03434C43F800	_CLC	DB	3,"CLC",0F8H,0
14A7 03434C44FC00	_CLD	DB	3,"CLD",0FCH,0
14AD 03434C49FA00	_CLI	DB	3,"CLI",0FAH,0
14B3 03434D43F500	_CMC	DB	3,"CMC",0F5H,0
14B9 03434D503801	_CMP	DB	3,"CMP",38H,1
14BF 05434D505342A600	_CMPSB	DB	5,"CMPSB",0A6H,0
14C7 05434D505357A700	_CMPSW	DB	5,"CMPSW",0A7H,0
14CF 034357449900	_CWD	DB	3,"CWD",99H,0
14D5 034441412700	_DAA	DB	3,"DAA",27H,0
14DB 034441532F00	_DAS	DB	3,"DAS",2FH,0
14E1 0244420114		_DB	DB	2,"DB",1,14H
14E6 0244440314			DB	2,"DD",3,14H
14EB 034445430804	_DEC	DB	3,"DEC",8,4
14F1 034449563003	_DIV	DB	3,"DIV",30H,3
14F7 0244530016			DB	2,"DS",0,16H
14FC 0244570214			DB	2,"DW",2,14H
1501 0544574F52440315	_DWORD	DB	5,"DWORD",3,15H
1509 03454E440012		DB	3,"END",0,12H
150F 03455155000D		DB	3,"EQU",0,0DH
1515 044556454E9017		DB	4,"EVEN",90H,17H
151C 03455343D80E	_ESC	DB	3,"ESC",0D8H,0EH
1522 034641520A15	_FAR	DB	3,"FAR",0AH,15H
1528 03484C54F400	_HLT	DB	3,"HLT",0F4H,0
152E 04494449563803	_IDIV	DB	4,"IDIV",38H,3
1535 04494D554C2803	_IMUL	DB	4,"IMUL",28H,3
153C 02494EE411		_IN	DB	2,"IN",0E4H,11H
1541 03494E430004	_INC	DB	3,"INC",0,4
1547 07494E434C554445		DB	7,"INCLUDE",0,0FH
154F 000F
1551 03494E54CD0C	_INT	DB	3,"INT",0CDH,0CH
1557 04494E544FCE00	_INTO	DB	4,"INTO",0CEH,0
155E 0449524554CF00	_IRET	DB	4,"IRET",0CFH,0
1565 024A417705		_JA	DB	2,"JA",77H,5
156A 034A41457305		DB	3,"JAE",73H,5
1570 024A427205			DB	2,"JB",72H,5
1575 034A42457605		DB	3,"JBE",76H,5
157B 024A437205		_JC	DB	2,"JC",72H,5
1580 044A43585AE305	_JCXZ	DB	4,"JCXZ",0E3H,5
1587 024A457405			DB	2,"JE",74H,5
158C 024A477F05		_JG	DB	2,"JG",7FH,5
1591 034A47457D05		DB	3,"JGE",7DH,5
1597 024A4C7C05		_JL	DB	2,"JL",7CH,5
159C 034A4C457E05		DB	3,"JLE",7EH,5
15A2 034A4D500106	_JMP	DB	3,"JMP",1,6
15A8 034A4E417605	_JNA	DB	3,"JNA",76H,5
15AE 044A4E41457205		DB	4,"JNAE",72H,5
15B5 034A4E427305		DB	3,"JNB",73H,5
15BB 044A4E42457705		DB	4,"JNBE",77H,5
15C2 034A4E437305	_JNC	DB	3,"JNC",73H,5
15C8 034A4E457505		DB	3,"JNE",75H,5
15CE 034A4E477E05	_JNG	DB	3,"JNG",7EH,5
15D4 044A4E47457C05		DB	4,"JNGE",7CH,5
15DB 034A4E4C7D05	_JNL	DB	3,"JNL",7DH,5
15E1 044A4E4C457F05		DB	4,"JNLE",7FH,5
15E8 034A4E4F7105	_JNO	DB	3,"JNO",71H,5
15EE 034A4E507B05	_JNP	DB	3,"JNP",7BH,5
15F4 034A4E537905	_JNS	DB	3,"JNS",79H,5
15FA 034A4E5A7505	_JNZ	DB	3,"JNZ",75H,5
1600 024A4F7005		_JO	DB	2,"JO",70H,5
1605 024A507A05		_JP	DB	2,"JP",7AH,5
160A 034A50457A05		DB	3,"JPE",7AH,5
1610 034A504F7B05		DB	3,"JPO",7BH,5
1616 024A537805		_JS	DB	2,"JS",78H,5
161B 024A5A7405		_JZ	DB	2,"JZ",74H,5
1620 044C4148469F00	_LAHF	DB	4,"LAHF",9FH,0
1627 034C4453C508	_LDS	DB	3,"LDS",0C5H,8
162D 034C45418D08	_LEA	DB	3,"LEA",8DH,8
1633 034C4553C408	_LES	DB	3,"LES",0C4H,8
1639 044C4F434BF00A	_LOCK	DB	4,"LOCK",0F0H,0AH
1640 054C4F445342AC00	_LODSB	DB	5,"LODSB",0ACH,0
1648 054C4F445357AD00	_LODSW	DB	5,"LODSW",0ADH,0
1650 044C4F4F50E205	_LOOP	DB	4,"LOOP",0E2H,5
1657 054C4F4F5045E105		DB	5,"LOOPE",0E1H,5
165F 064C4F4F504E45E0		DB	6,"LOOPNE",0E0H,5
1667 05
1668 064C4F4F504E5AE0	_LOOPNZ	DB	6,"LOOPNZ",0E0H,5
1670 05
1671 054C4F4F505AE105	_LOOPZ	DB	5,"LOOPZ",0E1H,5
1679 034D4F568809	_MOV	DB	3,"MOV",88H,9
167F 054D4F565342A400	_MOVSB	DB	5,"MOVSB",0A4H,0
1687 054D4F565357A500	_MOVSW	DB	5,"MOVSW",0A5H,0
168F 034D554C2003	_MUL	DB	3,"MUL",20H,3
1695 044E4541520915	_NEAR	DB	4,"NEAR",9,15H
169C 034E45471803	_NEG	DB	3,"NEG",18H,3
16A2 034E4F509000	_NOP	DB	3,"NOP",90H,0
16A8 034E4F541003	_NOT	DB	3,"NOT",10H,3
16AE 064F464653455410	_OFFSET	DB	6,"OFFSET",10H,15H
16B6 15
16B7 024F520801		_OR	DB	2,"OR",8,1
16BC 034F52470013		DB	3,"ORG",0,13H
16C2 034F5554E611	_OUT	DB	3,"OUT",0E6H,11H
16C8 03504F503804	_POP	DB	3,"POP",38H,4
16CE 04504F50469D00	_POPF	DB	4,"POPF",9DH,0
16D5 035054521115	_PTR	DB	3,"PTR",11H,15H
16DB 04505553483004	_PUSH	DB	4,"PUSH",30H,4
16E2 0550555348469C00	_PUSHF	DB	5,"PUSHF",9CH,0
16EA 0352434C1002	_RCL	DB	3,"RCL",10H,2
16F0 035243521802	_RCR	DB	3,"RCR",18H,2
16F6 03524550F30A		DB	3,"REP",0F3H,0AH
16FC 0452455045F30A		DB	4,"REPE",0F3H,0AH
1703 055245504E45F20A		DB	5,"REPNE",0F2H,0AH
170B 055245504E5AF20A	_REPNZ	DB	5,"REPNZ",0F2H,0AH
1713 045245505AF30A	_REPZ	DB	4,"REPZ",0F3H,0AH
171A 03524554C30B	_RET	DB	3,"RET",0C3H,0BH
1720 03524F4C0002	_ROL	DB	3,"ROL",0,2
1726 03524F520802	_ROR	DB	3,"ROR",8,2
172C 04534148469E00	_SAHF	DB	4,"SAHF",9EH,0
1733 0353414C3002	_SAL	DB	3,"SAL",30H,2
1739 0453414C43D600	_SALC	DB	4,"SALC",0D6H,0
1740 035341523802	_SAR	DB	3,"SAR",38H,2
1746 035342421801	_SBB	DB	3,"SBB",18H,1
174C 055343415342AE00	_SCASB	DB	5,"SCASB",0AEH,0
1754 055343415357AF00	_SCASW	DB	5,"SCASW",0AFH,0
175C 0353484C2002	_SHL	DB	3,"SHL",20H,2
1762 0553484F52540815	_SHORT	DB	5,"SHORT",8,15H
176A 035348522802	_SHR	DB	3,"SHR",28H,2
1770 03535443F900	_STC	DB	3,"STC",0F9H,0
1776 03535444FD00	_STD	DB	3,"STD",0FDH,0
177C 03535449FB00	_STI	DB	3,"STI",0FBH,0
1782 0553544F5342AA00	_STOSB	DB	5,"STOSB",0AAH,0
178A 0553544F5357AB00	_STOSW	DB	5,"STOSW",0ABH,0
1792 035355422801	_SUB	DB	3,"SUB",28H,1
1798 04544553540003	_TEST	DB	4,"TEST",0,3
179F 04574149549B00	_WAIT	DB	4,"WAIT",9BH,0
17A6 04574F52440215	_WORD	DB	4,"WORD",2,15H
17AD 04584348478610	_XCHG	DB	4,"XCHG",86H,10H
17B4 05584C415442D700	_XLATB	DB	5,"XLATB",0D7H,0
17BC 03584F523001	_XOR	DB	3,"XOR",30H,1
17C2 				EVEN
17C2 8114A7128114A712	BIN86	DW	_ADD,MRD,_ADD,MRD
17CA 8114B8128114B812		DW	_ADD,RMD,_ADD,RMD
17D2 81149F1281149F12		DW	_ADD,ACCID,_ADD,ACCID
17DA DB161211C8161211		DW	_PUSH,PSRD,_POP,PSRD
17E2 B716A712B716A712		DW	_OR,MRD,_OR,MRD
17EA B716B812B716B812		DW	_OR,RMD,_OR,RMD
17F2 B7169F12B7169F12		DW	_OR,ACCID,_OR,ACCID
17FA DB161211C8161211		DW	_PUSH,PSRD,_POP,PSRD
1802 7B14A7127B14A712		DW	_ADC,MRD,_ADC,MRD
180A 7B14B8127B14B812		DW	_ADC,RMD,_ADC,RMD
1812 7B149F127B149F12		DW	_ADC,ACCID,_ADC,ACCID
181A DB161211C8161211		DW	_PUSH,PSRD,_POP,PSRD
1822 4617A7124617A712		DW	_SBB,MRD,_SBB,MRD
182A 4617B8124617B812		DW	_SBB,RMD,_SBB,RMD
1832 46179F1246179F12		DW	_SBB,ACCID,_SBB,ACCID
183A DB161211C8161211		DW	_PUSH,PSRD,_POP,PSRD
1842 8714A7128714A712		DW	_AND,MRD,_AND,MRD
184A 8714B8128714B812		DW	_AND,RMD,_AND,RMD
1852 87149F1287149F12		DW	_AND,ACCID,_AND,ACCID
185A 8C1C7012D5146E12		DW	_GRP,SPREFD,_DAA,SINGD
1862 9217A7129217A712		DW	_SUB,MRD,_SUB,MRD
186A 9217B8129217B812		DW	_SUB,RMD,_SUB,RMD
1872 92179F1292179F12		DW	_SUB,ACCID,_SUB,ACCID
187A 8C1C7012DB146E12		DW	_GRP,SPREFD,_DAS,SINGD
1882 BC17A712BC17A712		DW	_XOR,MRD,_XOR,MRD
188A BC17B812BC17B812		DW	_XOR,RMD,_XOR,RMD
1892 BC179F12BC179F12		DW	_XOR,ACCID,_XOR,ACCID
189A 8C1C701263146E12		DW	_GRP,SPREFD,_AAA,SINGD
18A2 B914A712B914A712		DW	_CMP,MRD,_CMP,MRD
18AA B914B812B914B812		DW	_CMP,RMD,_CMP,RMD
18B2 B9149F12B9149F12		DW	_CMP,ACCID,_CMP,ACCID
18BA 8C1C701275146E12		DW	_GRP,SPREFD,_AAS,SINGD
18C2 4115ED124115ED12		DW	_INC,REGWD,_INC,REGWD
18CA 4115ED124115ED12		DW	_INC,REGWD,_INC,REGWD
18D2 4115ED124115ED12		DW	_INC,REGWD,_INC,REGWD
18DA 4115ED124115ED12		DW	_INC,REGWD,_INC,REGWD
18E2 EB14ED12EB14ED12		DW	_DEC,REGWD,_DEC,REGWD
18EA EB14ED12EB14ED12		DW	_DEC,REGWD,_DEC,REGWD
18F2 EB14ED12EB14ED12		DW	_DEC,REGWD,_DEC,REGWD
18FA EB14ED12EB14ED12		DW	_DEC,REGWD,_DEC,REGWD
1902 DB16ED12DB16ED12		DW	_PUSH,REGWD,_PUSH,REGWD
190A DB16ED12DB16ED12		DW	_PUSH,REGWD,_PUSH,REGWD
1912 DB16ED12DB16ED12		DW	_PUSH,REGWD,_PUSH,REGWD
191A DB16ED12DB16ED12		DW	_PUSH,REGWD,_PUSH,REGWD
1922 C816ED12C816ED12		DW	_POP,REGWD,_POP,REGWD
192A C816ED12C816ED12		DW	_POP,REGWD,_POP,REGWD
1932 C816ED12C816ED12		DW	_POP,REGWD,_POP,REGWD
193A C816ED12C816ED12		DW	_POP,REGWD,_POP,REGWD
1942 E1145914E1145914		DW	_DB,INVD,_DB,INVD
194A E1145914E1145914		DW	_DB,INVD,_DB,INVD
1952 E1145914E1145914		DW	_DB,INVD,_DB,INVD
195A E1145914E1145914		DW	_DB,INVD,_DB,INVD
1962 E1145914E1145914		DW	_DB,INVD,_DB,INVD
196A E1145914E1145914		DW	_DB,INVD,_DB,INVD
1972 E1145914E1145914		DW	_DB,INVD,_DB,INVD
197A E1145914E1145914		DW	_DB,INVD,_DB,INVD
1982 0016C210E815C210		DW	_JO,RELBD,_JNO,RELBD
198A 7B15C210C215C210		DW	_JC,RELBD,_JNC,RELBD
1992 1B16C210FA15C210		DW	_JZ,RELBD,_JNZ,RELBD
199A A815C2106515C210		DW	_JNA,RELBD,_JA,RELBD
19A2 1616C210F415C210		DW	_JS,RELBD,_JNS,RELBD
19AA 0516C210EE15C210		DW	_JP,RELBD,_JNP,RELBD
19B2 9715C210DB15C210		DW	_JL,RELBD,_JNL,RELBD
19BA CE15C2108C15C210		DW	_JNG,RELBD,_JG,RELBD
19C2 8C1CF7138C1CF713		DW	_GRP,G01D,_GRP,G01D
19CA 8C1CF7138C1CF713		DW	_GRP,G01D,_GRP,G01D
19D2 9817B8129817B812		DW	_TEST,RMD,_TEST,RMD
19DA AD17B812AD17B812		DW	_XCHG,RMD,_XCHG,RMD
19E2 7916A7127916A712		DW	_MOV,MRD,_MOV,MRD
19EA 7916B8127916B812		DW	_MOV,RMD,_MOV,RMD
19F2 7916C4122D16B812		DW	_MOV,MSD,_LEA,RMD
19FA 7916D512C8165514		DW	_MOV,SMD,_POP,DISPD
1A02 A2166E12AD17E612		DW	_NOP,SINGD,_XCHG,ACCRD
1A0A AD17E612AD17E612		DW	_XCHG,ACCRD,_XCHG,ACCRD
1A12 AD17E612AD17E612		DW	_XCHG,ACCRD,_XCHG,ACCRD
1A1A AD17E612AD17E612		DW	_XCHG,ACCRD,_XCHG,ACCRD
1A22 9B146E12CF146E12		DW	_CBW,SINGD,_CWD,SINGD
1A2A 9414C6139F176E12		DW	_CALL,SEGOFD,_WAIT,SINGD
1A32 E2166E12CE166E12		DW	_PUSHF,SINGD,_POPF,SINGD
1A3A 2C176E1220166E12		DW	_SAHF,SINGD,_LAHF,SINGD
1A42 7916FA127916FA12		DW	_MOV,ACCMD,_MOV,ACCMD
1A4A 7916101379161013		DW	_MOV,MACCD,_MOV,MACCD
1A52 7F166E1287166E12		DW	_MOVSB,SINGD,_MOVSW,SINGD
1A5A BF146E12C7146E12		DW	_CMPSB,SINGD,_CMPSW,SINGD
1A62 98179F1298179F12		DW	_TEST,ACCID,_TEST,ACCID
1A6A 82176E128A176E12		DW	_STOSB,SINGD,_STOSW,SINGD
1A72 40166E1248166E12		DW	_LODSB,SINGD,_LODSW,SINGD
1A7A 4C176E1254176E12		DW	_SCASB,SINGD,_SCASW,SINGD
1A82 79162A1379162A13		DW	_MOV,RIMMD,_MOV,RIMMD
1A8A 79162A1379162A13		DW	_MOV,RIMMD,_MOV,RIMMD
1A92 79162A1379162A13		DW	_MOV,RIMMD,_MOV,RIMMD
1A9A 79162A1379162A13		DW	_MOV,RIMMD,_MOV,RIMMD
1AA2 79162A1379162A13		DW	_MOV,RIMMD,_MOV,RIMMD
1AAA 79162A1379162A13		DW	_MOV,RIMMD,_MOV,RIMMD
1AB2 79162A1379162A13		DW	_MOV,RIMMD,_MOV,RIMMD
1ABA 79162A1379162A13		DW	_MOV,RIMMD,_MOV,RIMMD
1AC2 E1145914E1145914		DW	_DB,INVD,_DB,INVD
1ACA 1A1794131A176E12		DW	_RET,RETD,_RET,SINGD
1AD2 3316B3122716B812		DW	_LES,RWMD,_LDS,RMD
1ADA 7916231379162313		DW	_MOV,RMID,_MOV,RMID
1AE2 E1145914E1145914		DW	_DB,INVD,_DB,INVD
1AEA 1A1783131A178313		DW	_RET,RETFD,_RET,RETFD
1AF2 51157F1351157913		DW	_INT,INT3D,_INT,INTD
1AFA 57156E125E156E12		DW	_INTO,SINGD,_IRET,SINGD
1B02 8C1CD3138C1CD313		DW	_GRP,G02D,_GRP,G02D
1B0A 8C1CD3138C1CD313		DW	_GRP,G02D,_GRP,G02D
1B12 6F14521369145213		DW	_AAM,AAMD,_AAD,AAMD
1B1A 39176E12B4176E12		DW	_SALC,SINGD,_XLATB,SINGD
1B22 1C155D131C155D13		DW	_ESC,ESCD,_ESC,ESCD
1B2A 1C155D131C155D13		DW	_ESC,ESCD,_ESC,ESCD
1B32 1C155D131C155D13		DW	_ESC,ESCD,_ESC,ESCD
1B3A 1C155D131C155D13		DW	_ESC,ESCD,_ESC,ESCD
1B42 6816C2107116C210		DW	_LOOPNZ,RELBD,_LOOPZ,RELBD
1B4A 5016C2108015C210		DW	_LOOP,RELBD,_JCXZ,RELBD
1B52 3C159F123C159F12		DW	_IN,ACCID,_IN,ACCID
1B5A C216B813C216B813		DW	_OUT,IBAPD,_OUT,IBAPD
1B62 94144413A2154413		DW	_CALL,RELWD,_JMP,RELWD
1B6A A215C613A215C210		DW	_JMP,SEGOFD,_JMP,RELBD
1B72 3C1599133C159913		DW	_IN,ADIOD,_IN,ADIOD
1B7A C2169913C2169913		DW	_OUT,ADIOD,_OUT,ADIOD
1B82 39166E12E1145914		DW	_LOCK,SINGD,_DB,INVD
1B8A 0B176E1213176E12		DW	_REPNZ,SINGD,_REPZ,SINGD
1B92 28156E12B3146E12		DW	_HLT,SINGD,_CMC,SINGD
1B9A 8C1CEC138C1CEC13		DW	_GRP,G03D,_GRP,G03D
1BA2 A1146E1270176E12		DW	_CLC,SINGD,_STC,SINGD
1BAA AD146E127C176E12		DW	_CLI,SINGD,_STI,SINGD
1BB2 A7146E1276176E12		DW	_CLD,SINGD,_STD,SINGD
1BBA 8C1C16148C1C1614		DW	_GRP,G04D,_GRP,G04D
1BC2 				EVEN
1BC2 0E0706FF		RM	DB	0EH,7,6,0FFH
1BC6 050103FF			DB	5,1,3,0FFH
1BCA 040002FF			DB	4,0,2,0FFH
1BCE FFFFFFFF			DB	0FFH,0FFH,0FFH,0FFH
1BD2 A51CB11CBE1CCF1C	ERRM	DW	EM0,EM1,EM2,EM3
1BDA E21CF31C041D121D		DW	EM4,EM5,EM6,EM7
1BE2 251D351D461D571D		DW	EM8,EM9,EMA,EMB
1BEA 661D			DW	EMC
1BEC 810E8E0BEC0B280C	IHDL	DW	G0,G1,G2,G3
1BF4 7D0CDB0C020DC50D		DW	G4,G5,G6,G7
1BFC E20DEF0D760E870E		DW	G8,G9,G0AH,G0BH
1C04 A30EBF0ED80E0E0F		DW	G0CH,G0DH,G0EH,G0FH
1C0C 4D0F8B0FC50FD40F		DW	G10H,G11H,G12H,G13H
1C14 E00F0F0A79109810		DW	G14H,G15H,G16H,G17H
1C1C 8114B7167B144617	_G01D	DW	_ADD,_OR,_ADC,_SBB
1C24 87149217BC17B914		DW	_AND,_SUB,_XOR,_CMP
1C2C 20172617EA16F016	_G02D	DW	_ROL,_ROR,_RCL,_RCR
1C34 5C176A1733174017		DW	_SHL,_SHR,_SAL,_SAR
1C3C 98179817A8169C16	_G03D	DW	_TEST,_TEST,_NOT,_NEG
1C44 8F163515F1142E15		DW	_MUL,_IMUL,_DIV,_IDIV
1C4C 4115EB1494149414	_G04D	DW	_INC,_DEC,_CALL,_CALL
1C54 A215A215DB16E114		DW	_JMP,_JMP,_PUSH,_DB
1C5C EBFBEDFD		_DISP	DB	0EBH,0FBH,0EDH,0FDH
1C60 0E0F0D0B			DB	0EH,0FH,0DH,0BH
1C64 414C434C444C424C	REGS	DB	"ALCLDLBLAHCHDHBH"
1C6C 4148434844484248
1C74 4158435844584258		DB	"AXCXDXBXSPBPSIDI"
1C7C 5350425053494449
1C84 4553435353534453		DB	"ESCSSSDS"
1C8C 0000		_GRP	DB	0,0
1C8E 0341534D		DOTASM	DB	3,"ASM"
1C92 03434F4D		DOTCOM	DB	3,"COM"
1C96 034C5354		DOTLST	DB	3,"LST"
1C9A 04494E3A20		INM	DB	4,"IN: "
1C9F 054F55543A20	OUTM	DB	5,"OUT: "
1CA5 0B424144204F5045	EM0	DB	11,"BAD OPERAND"
1CAD 52414E44
1CB1 0C53594E54415820	EM1	DB	12,"SYNTAX ERROR"
1CB9 4552524F52
1CBE 1042414420444953	EM2	DB	16,"BAD DISPLACEMENT"
1CC6 504C4143454D454E
1CCE 54
1CCF 124E4F5420414E20	EM3	DB	18,"NOT AN INSTRUCTION"
1CD7 494E535452554354
1CDF 494F4E
1CE2 10554E444546494E	EM4	DB	16,"UNDEFINED SYMBOL"
1CEA 45442053594D424F
1CF2 4C
1CF3 104F5554204F4620	EM5	DB	16,"OUT OF RANGE BY "
1CFB 52414E4745204259
1D03 20
1D04 0D53495A45204D49	EM6	DB	13,"SIZE MISMATCH"
1D0C 534D41544348
1D12 12434F4E5354414E	EM7	DB	18,"CONSTANT TOO LARGE"
1D1A 5420544F4F204C41
1D22 524745
1D25 0F4D495353494E47	EM8	DB	15,"MISSING OPERAND"
1D2D 204F504552414E44
1D35 1047415242414745	EM9	DB	16,"GARBAGE PAST END"
1D3D 205041535420454E
1D45 44
1D46 104455504C494341	EMA	DB	16,"DUPLICATE SYMBOL"
1D4E 54452053594D424F
1D56 4C
1D57 0E4552524F522052	EMB	DB	14,"ERROR READING "
1D5F 454144494E4720
1D66 0D52455345525645	EMC	DB	13,"RESERVED WORD"
1D6E 4420574F5244
1D74 0820425954452853	BYTEM	DB	8," BYTE(S)"
1D7C 29
1D7D 50432D3732203830	AMSG	DB	"PC-72 8086 ASSEMBLER"
1D85 383620415353454D
1D8D 424C4552
1D91 20312E303420464F		DB	" 1.04 FOR DOS",13,10,36
1D99 5220444F530D0A24
1DA1 413732207B5B2F41	USAGE	DB	"A72 {[/A] | /D} [/L] <IN> "
1DA9 5D207C202F447D20
1DB1 5B2F4C5D203C494E
1DB9 3E20
1DBB 5B3C4F55543E5D20		DB	"[<OUT>] [<LIST>]",13,10,36
1DC3 5B3C4C4953543E5D
1DCB 0D0A24
1DCE 42414420444F5320	DOSERR	DB	"BAD DOS VERSION",13,10,36
1DD6 56455253494F4E0D
1DDE 0A24
1DE0 			PC	DW	?,?
1DE4 			USIZE	DW	?
1DE6 			ERRS	DW	?
1DE8 			VORG	DW	?
1DEA 			FUNC	DB	?,?
1DEC 			STK	DW	?,?
1DF0 			FLAGS	DB	?
1DF1 			WADJ	DB	?,?
1DF3 			ARGS	DB	?,?,?
1DF6 			PREFIX	DB	?
1DF7 			SEGPREF	DB	?
1DF8 			OPCODE	DB	?
1DF9 			MODRM	DB	?
1DFA 			DISP	DW	?
1DFC 			IMM	DW	?
1DFE 			OUTHDL	DW	?
1E00 			LSTHDL	DW	?
1E02 			INFILE	DS	20H
1E22 			INCFILE	DS	20H
1E42 			OUTFILE	DS	20H
1E62 			LSTFILE	DS	20H
1E82 			INCLEV	DS	200H
2082 			TEMP	DS	80H
2102 			INPUT	DS	80H
2182 			OUTPUT	DS	80H
2202 			SYMBS	DS	2000H
